[18:45:45] [ServerMain/INFO]: [bootstrap] Running Java 25 (OpenJDK 64-Bit Server VM 25+36-Ubuntu-1; Ubuntu null) on Linux 6.17.0-1004-raspi (aarch64)
[18:45:45] [ServerMain/INFO]: [bootstrap] Loading Paper 1.21.8-60-main@29c8822 (2025-09-06T21:49:13Z) for Minecraft 1.21.8
[18:45:45] [ServerMain/INFO]: [PluginInitializerManager] Initializing plugins...
[18:45:46] [ServerMain/INFO]: [PluginInitializerManager] Initialized 4 plugins
[18:45:46] [ServerMain/INFO]: [PluginInitializerManager] Bukkit plugins (4):
 - BlueMap (5.13), Geyser-Spigot (2.9.0-SNAPSHOT), ViaVersion (5.5.0), squaremap (1.3.8)
[18:45:56] [ServerMain/INFO]: Environment: Environment[sessionHost=https://sessionserver.mojang.com, servicesHost=https://api.minecraftservices.com, name=PROD]
[18:46:00] [ServerMain/INFO]: Loaded 1407 recipes
[18:46:00] [ServerMain/INFO]: Loaded 1520 advancements
[18:46:00] [ServerMain/INFO]: [ca.spottedleaf.dataconverter.minecraft.datatypes.MCTypeRegistry] Initialising converters for DataConverter...
[18:46:01] [ServerMain/INFO]: [ca.spottedleaf.dataconverter.minecraft.datatypes.MCTypeRegistry] Finished initialising converters for DataConverter in 874.8ms
[18:46:01] [Server thread/INFO]: Starting minecraft server version 1.21.8
[18:46:01] [Server thread/INFO]: Loading properties
[18:46:01] [Server thread/INFO]: This server is running Paper version 1.21.8-60-main@29c8822 (2025-09-06T21:49:13Z) (Implementing API version 1.21.8-R0.1-SNAPSHOT)
[18:46:01] [Server thread/INFO]: [spark] This server bundles the spark profiler. For more information please visit https://docs.papermc.io/paper/profiling
[18:46:01] [Server thread/INFO]: Server Ping Player Sample Count: 12
[18:46:01] [Server thread/INFO]: Using 4 threads for Netty based IO
[18:46:03] [Server thread/INFO]: [MoonriseCommon] Paper is using 1 worker threads, 1 I/O threads
[18:46:03] [Server thread/INFO]: [ChunkTaskScheduler] Chunk system is using population gen parallelism: true
[18:46:03] [Server thread/INFO]: Default game type: SURVIVAL
[18:46:03] [Server thread/INFO]: Generating keypair
[18:46:03] [Server thread/INFO]: Starting Minecraft server on *:25565
[18:46:04] [Server thread/INFO]: Using epoll channel type
[18:46:04] [Server thread/INFO]: Paper: Using libdeflate (Linux aarch64) compression from Velocity.
[18:46:04] [Server thread/INFO]: Paper: Using OpenSSL 3.x.x (Linux aarch64) cipher from Velocity.
[18:46:05] [Server thread/INFO]: [SpigotLibraryLoader] [BlueMap] Loading 1 libraries... please wait
[18:46:05] [Server thread/INFO]: [SpigotLibraryLoader] [BlueMap] Loaded library /home/becks/Documents/minecraftserver/libraries/com/flowpowered/flow-math/1.0.3/flow-math-1.0.3.jar
[18:46:05] [Server thread/INFO]: [ViaVersion] Loading server plugin ViaVersion v5.5.0
[18:46:05] [Server thread/INFO]: [ViaVersion] ViaVersion 5.5.0 is now loaded. Registering protocol transformers and injecting...
[18:46:07] [Via-Mappingloader-0/INFO]: [ViaVersion] Loading block connection mappings ...
[18:46:07] [Via-Mappingloader-0/INFO]: [ViaVersion] Using FastUtil Long2ObjectOpenHashMap for block connections
[18:46:08] [Server thread/INFO]: [squaremap] Loading server plugin squaremap v1.3.8
[18:46:08] [Server thread/INFO]: [Geyser-Spigot] Loading server plugin Geyser-Spigot v2.9.0-SNAPSHOT
[18:46:09] [Server thread/INFO]: [Geyser-Spigot] Loading extensions...
[18:46:09] [Server thread/INFO]: [Geyser-Spigot] Loaded 0 extension(s)
[18:46:09] [Server thread/INFO]: [BlueMap] Loading server plugin BlueMap v5.13
[18:46:09] [Server thread/INFO]: Server permissions file permissions.yml is empty, ignoring it
[18:46:09] [Server thread/INFO]: [squaremap] Enabling squaremap v1.3.8
[18:46:11] [Server thread/INFO]: [io.undertow] starting server: Undertow - 2.3.18.Final
[18:46:11] [Server thread/INFO]: [org.xnio] XNIO version 3.8.16.Final
[18:46:11] [Server thread/INFO]: [org.xnio.nio] XNIO NIO Implementation Version 3.8.16.Final
[18:46:11] [Server thread/INFO]: [org.jboss.threads] JBoss Threads version 3.5.0.Final
[18:46:11] [Server thread/INFO]: [squaremap] Internal webserver running on 0.0.0.0:8080
[18:46:12] [Server thread/INFO]: Preparing level "world"
[18:46:13] [Server thread/INFO]: Preparing start region for dimension minecraft:overworld
[18:46:14] [Server thread/INFO]: Preparing spawn area: 0%
[18:46:14] [Server thread/INFO]: Preparing spawn area: 2%
[18:46:14] [Server thread/INFO]: Preparing spawn area: 2%
[18:46:15] [Server thread/INFO]: Preparing spawn area: 34%
[18:46:15] [Server thread/INFO]: Time elapsed: 1979 ms
[18:46:15] [Server thread/INFO]: Preparing start region for dimension minecraft:the_nether
[18:46:15] [Server thread/INFO]: Preparing spawn area: 0%
[18:46:16] [Server thread/INFO]: Preparing spawn area: 10%
[18:46:16] [Server thread/INFO]: Time elapsed: 632 ms
[18:46:16] [Server thread/INFO]: Preparing start region for dimension minecraft:the_end
[18:46:16] [Server thread/INFO]: Preparing spawn area: 0%
[18:46:16] [Server thread/INFO]: Time elapsed: 363 ms
[18:46:16] [Server thread/INFO]: [ViaVersion] Enabling ViaVersion v5.5.0
[18:46:16] [Server thread/INFO]: [ViaVersion] ViaVersion detected server version: 1.21.7-1.21.8 (772)
[18:46:16] [Server thread/INFO]: [Geyser-Spigot] Enabling Geyser-Spigot v2.9.0-SNAPSHOT
[18:46:18] [Server thread/INFO]: [BlueMap] Enabling BlueMap v5.13
[18:46:18] [Server thread/INFO]: [BlueMap] Saving all worlds once, to make sure the level.dat is present...
[18:46:18] [Server thread/WARN]: A manual (plugin-induced) save has been detected while server is configured to auto-save. This may affect performance.
[18:46:19] [BlueMap-Load/INFO]: [BlueMap] Loading...
[18:46:19] [Server thread/INFO]: [spark] Starting background profiler...
[18:46:20] [BlueMap-Load/INFO]: [BlueMap] Loading resources...
[18:46:21] [Server thread/INFO]: [Geyser-Spigot] ******************************************
[18:46:21] [Server thread/INFO]: [Geyser-Spigot] 
[18:46:21] [Server thread/INFO]: [Geyser-Spigot] Loading Geyser version 2.9.0-b980 (git-master-0488023)
[18:46:21] [Server thread/INFO]: [Geyser-Spigot] 
[18:46:21] [Server thread/INFO]: [Geyser-Spigot] ******************************************
[18:46:27] [BlueMap-Load/INFO]: [BlueMap] Resources loaded.
[18:46:27] [BlueMap-Load/INFO]: [BlueMap] Initializing Storage: 'file' (Type: 'bluemap:file')
[18:46:27] [BlueMap-Load/INFO]: [BlueMap] Loading map 'world'...
[18:46:28] [BlueMap-Load/INFO]: [BlueMap] Loading map 'world_the_end'...
[18:46:29] [BlueMap-Load/INFO]: [BlueMap] Loading map 'world_nether'...
[18:46:29] [BlueMap-Load/INFO]: [BlueMap] WebServer bound to all network interfaces on port 8100
[18:46:29] [Thread-9/INFO]: [BlueMap] WebServer started.
[18:46:29] [BlueMap-Load/INFO]: [BlueMap] Loaded!
[18:46:32] [GeyserServer-3-1/INFO]: [Geyser-Spigot] Started Geyser on UDP port 19132
[18:46:32] [Server thread/INFO]: [Geyser-Spigot] Done (11.166s)! Run /geyser help for help!
[18:46:32] [Server thread/INFO]: Done preparing level "world" (20.727s)
[18:46:32] [Server thread/INFO]: Running delayed init tasks
[18:46:32] [Server thread/INFO]: Done (49.439s)! For help, type "help"
[18:46:32] [ForkJoinPool.commonPool-worker-1/INFO]: [squaremap] Fetching version information...
[18:46:32] [Craft Scheduler Thread - 5 - ViaVersion/INFO]: [ViaVersion] Finished mapping loading, shutting down loader executor.
[18:46:33] [Server thread/WARN]: [ViaVersion] There is a newer plugin version available: 5.5.1, you're on: 5.5.0
[18:46:33] [ForkJoinPool.commonPool-worker-1/INFO]: [squaremap] squaremap is 1 version(s) out of date.
[18:46:33] [ForkJoinPool.commonPool-worker-1/INFO]: [squaremap] Download the latest release (v1.3.9) from https://github.com/jpenilla/squaremap/releases/tag/v1.3.9
[18:50:14] [Server thread/INFO]: Stopping server
[18:50:14] [Server thread/INFO]: [BlueMap] Disabling BlueMap v5.13
[18:50:14] [Server thread/INFO]: [BlueMap] Stopping...
[18:50:14] [Server thread/INFO]: [BlueMap] Waiting for task 'updating map 'world'' to stop.. (35.29%)
[18:50:14] [Server thread/INFO]: [BlueMap] Waiting for task 'updating map 'world'' to stop.. (68.63%)
[18:50:14] [Server thread/INFO]: [BlueMap] Waiting for task 'updating map 'world'' to stop.. (71.24%)
[18:50:14] [Server thread/INFO]: [BlueMap] Waiting for task 'updating map 'world'' to stop.. (74.51%)
[18:50:14] [Server thread/INFO]: [BlueMap] Waiting for task 'updating map 'world'' to stop.. (77.78%)
[18:50:14] [Server thread/INFO]: [BlueMap] Waiting for task 'updating map 'world'' to stop.. (81.05%)
[18:50:14] [Server thread/INFO]: [BlueMap] Waiting for task 'updating map 'world'' to stop.. (83.66%)
[18:50:14] [Server thread/INFO]: [BlueMap] Waiting for task 'updating map 'world'' to stop.. (86.93%)
[18:50:14] [Server thread/INFO]: [BlueMap] Waiting for task 'updating map 'world'' to stop.. (90.2%)
[18:50:14] [Server thread/INFO]: [BlueMap] Waiting for task 'updating map 'world'' to stop.. (92.81%)
[18:50:14] [Server thread/INFO]: [BlueMap] Waiting for task 'updating map 'world'' to stop.. (94.12%)
[18:50:14] [Server thread/INFO]: [BlueMap] Waiting for task 'updating map 'world'' to stop.. (96.08%)
[18:50:14] [Server thread/INFO]: [BlueMap] Waiting for task 'updating map 'world'' to stop.. (99.35%)
[18:50:15] [Server thread/INFO]: [BlueMap] Saved and stopped!
[18:50:15] [Server thread/INFO]: [Geyser-Spigot] Disabling Geyser-Spigot v2.9.0-SNAPSHOT
[18:50:15] [Server thread/INFO]: [Geyser-Spigot] Shutting down Geyser.
[18:50:15] [Server thread/INFO]: [Geyser-Spigot] Geyser shutdown successfully.
[18:50:15] [Server thread/INFO]: [squaremap] Disabling squaremap v1.3.8
[18:50:15] [Server thread/INFO]: [io.undertow] stopping server: Undertow - 2.3.18.Final
[18:50:15] [Server thread/INFO]: [squaremap] Internal webserver stopped
[18:50:15] [Server thread/INFO]: [ViaVersion] Disabling ViaVersion v5.5.0
[18:50:15] [Server thread/INFO]: [ViaVersion] ViaVersion has been disabled; uninjected the platform and shut down the scheduler.
[18:50:15] [Server thread/INFO]: Saving players
[18:50:15] [Server thread/INFO]: Saving worlds
[18:50:15] [Server thread/INFO]: Saving chunks for level 'ServerLevel[world]'/minecraft:overworld
[18:50:15] [Server thread/INFO]: [ChunkHolderManager] Waiting 60s for chunk system to halt for world 'world'
[18:50:15] [Server thread/INFO]: [ChunkHolderManager] Halted chunk system for world 'world'
[18:50:15] [Server thread/INFO]: [ChunkHolderManager] Saving all chunkholders for world 'world'
[18:50:15] [Server thread/INFO]: [ChunkHolderManager] Saved 2 block chunks, 2 entity chunks, 0 poi chunks in world 'world' in 0.02s
[18:50:15] [Server thread/INFO]: [ChunkHolderManager] Waiting 60s for chunk I/O to halt for world 'world'
[18:50:15] [Server thread/INFO]: [ChunkHolderManager] Halted I/O scheduler for world 'world'
[18:50:15] [Server thread/INFO]: Saving chunks for level 'ServerLevel[world_nether]'/minecraft:the_nether
[18:50:15] [Server thread/INFO]: [ChunkHolderManager] Waiting 60s for chunk system to halt for world 'world_nether'
[18:50:15] [Server thread/INFO]: [ChunkHolderManager] Halted chunk system for world 'world_nether'
[18:50:15] [Server thread/INFO]: [ChunkHolderManager] Saving all chunkholders for world 'world_nether'
[18:50:15] [Server thread/INFO]: [ChunkHolderManager] Saved 0 block chunks, 28 entity chunks, 0 poi chunks in world 'world_nether' in 0.05s
[18:50:15] [Server thread/INFO]: [ChunkHolderManager] Waiting 60s for chunk I/O to halt for world 'world_nether'
[18:50:15] [Server thread/INFO]: [ChunkHolderManager] Halted I/O scheduler for world 'world_nether'
[18:50:15] [Server thread/INFO]: Saving chunks for level 'ServerLevel[world_the_end]'/minecraft:the_end
[18:50:15] [Server thread/INFO]: [ChunkHolderManager] Waiting 60s for chunk system to halt for world 'world_the_end'
[18:50:15] [Server thread/INFO]: [ChunkHolderManager] Halted chunk system for world 'world_the_end'
[18:50:15] [Server thread/INFO]: [ChunkHolderManager] Saving all chunkholders for world 'world_the_end'
[18:50:15] [Server thread/INFO]: [ChunkHolderManager] Saved 0 block chunks, 10 entity chunks, 0 poi chunks in world 'world_the_end' in 0.01s
[18:50:15] [Server thread/INFO]: [ChunkHolderManager] Waiting 60s for chunk I/O to halt for world 'world_the_end'
[18:50:15] [Server thread/INFO]: [ChunkHolderManager] Halted I/O scheduler for world 'world_the_end'
[18:50:15] [Server thread/INFO]: ThreadedAnvilChunkStorage (world): All chunks are saved
[18:50:15] [Server thread/INFO]: ThreadedAnvilChunkStorage (DIM-1): All chunks are saved
[18:50:15] [Server thread/INFO]: ThreadedAnvilChunkStorage (DIM1): All chunks are saved
[18:50:15] [Server thread/INFO]: ThreadedAnvilChunkStorage: All dimensions are saved
[18:50:15] [Server thread/INFO]: Waiting for all RegionFile I/O tasks to complete...
[18:50:15] [Server thread/INFO]: All RegionFile I/O tasks to complete
[18:50:15] [Server thread/INFO]: [MoonriseCommon] Awaiting termination of worker pool for up to 60s...
[18:50:15] [Server thread/INFO]: [MoonriseCommon] Awaiting termination of I/O pool for up to 60s...
