[2025-11-16 20:14:01][INFO] Loading resources...
[2025-11-16 20:14:01][FINE] Loading resources from: bluemap/resourceExtensions.zip ...
[2025-11-16 20:14:01][FINE] Loading resources from: bluemap/minecraft-client-1.21.8.jar ...
[2025-11-16 20:14:02][FINE] Collecting texture-keys...
[2025-11-16 20:14:02][FINE] Found 1962 texture-keys.
[2025-11-16 20:14:02][FINE] Loading textures from: bluemap/resourceExtensions.zip ...
[2025-11-16 20:14:02][FINE] Loading textures from: bluemap/minecraft-client-1.21.8.jar ...
[2025-11-16 20:14:06][FINE] Baking resources...
[2025-11-16 20:14:06][INFO] Resources loaded.
[2025-11-16 20:14:06][FINE] Loading world world#minecraft:overworld ...
[2025-11-16 20:14:06][FINE] Loading datapack...
[2025-11-16 20:14:06][FINE] Loading datapack from: world/datapacks/bukkit ...
[2025-11-16 20:14:06][FINE] Loading datapack from: bluemap/resourceExtensions.zip ...
[2025-11-16 20:14:06][FINE] Loading datapack from: bluemap/minecraft-client-1.21.8.jar ...
[2025-11-16 20:14:06][FINE] Baking datapack...
[2025-11-16 20:14:06][FINE] Datapack loaded.
[2025-11-16 20:14:07][INFO] Initializing Storage: 'file' (Type: 'bluemap:file')
[2025-11-16 20:14:07][INFO] Loading map 'world'...
[2025-11-16 20:14:07][FINE] Loading render-state for map 'world'
[2025-11-16 20:14:07][FINE] Loading textures for map 'world'
[2025-11-16 20:14:07][FINE] Loading world world_the_end#minecraft:the_end ...
[2025-11-16 20:14:07][FINE] Loading datapack...
[2025-11-16 20:14:07][FINE] Loading datapack from: bluemap/resourceExtensions.zip ...
[2025-11-16 20:14:07][FINE] Loading datapack from: bluemap/minecraft-client-1.21.8.jar ...
[2025-11-16 20:14:07][FINE] Baking datapack...
[2025-11-16 20:14:07][FINE] Datapack loaded.
[2025-11-16 20:14:07][INFO] Loading map 'world_the_end'...
[2025-11-16 20:14:07][FINE] Loading render-state for map 'world_the_end'
[2025-11-16 20:14:07][FINE] Loading textures for map 'world_the_end'
[2025-11-16 20:14:08][FINE] Loading world world_nether#minecraft:the_nether ...
[2025-11-16 20:14:08][FINE] Loading datapack...
[2025-11-16 20:14:08][FINE] Loading datapack from: bluemap/resourceExtensions.zip ...
[2025-11-16 20:14:08][FINE] Loading datapack from: bluemap/minecraft-client-1.21.8.jar ...
[2025-11-16 20:14:08][FINE] Baking datapack...
[2025-11-16 20:14:08][FINE] Datapack loaded.
[2025-11-16 20:14:08][INFO] Loading map 'world_nether'...
[2025-11-16 20:14:08][FINE] Loading render-state for map 'world_nether'
[2025-11-16 20:14:08][FINE] Loading textures for map 'world_nether'
[2025-11-16 20:14:08][INFO] WebServer bound to all network interfaces on port 8100
[2025-11-16 20:14:08][INFO] WebServer started.
[2025-11-16 20:14:08][FINE] Started watching map 'world_nether' for updates...
[2025-11-16 20:14:08][FINE] Started watching map 'world' for updates...
[2025-11-16 20:14:08][FINE] Started watching map 'world_the_end' for updates...
[2025-11-16 20:14:08][INFO] Loaded!
[2025-11-16 20:16:56][FINE] Scheduled update for region-file: (-4, -2) (Map: world)
[2025-11-16 20:16:56][FINE] Scheduled update for region-file: (-4, -1) (Map: world)
[2025-11-16 20:16:57][FINE] Scheduled update for region-file: (-5, -2) (Map: world)
[2025-11-16 20:16:57][FINE] Scheduled update for region-file: (-5, -1) (Map: world)
[2025-11-16 20:17:14][FINE] Scheduled update for region-file: (-6, -1) (Map: world)
[2025-11-16 20:17:41][FINE] Scheduled update for region-file: (-5, 0) (Map: world)
[2025-11-16 20:17:41][FINE] Scheduled update for region-file: (-6, 0) (Map: world)
[2025-11-16 20:18:06][FINE] Scheduled update for region-file: (-6, -2) (Map: world)
[2025-11-16 20:18:06][FINE] Scheduled update for region-file: (-5, -2) (Map: world)
[2025-11-16 20:18:10][FINE] Scheduled update for region-file: (-5, -1) (Map: world)
[2025-11-16 20:18:14][FINE] Scheduled update for region-file: (-6, -1) (Map: world)
[2025-11-16 20:18:21][FINE] Scheduled update for region-file: (-4, -1) (Map: world)
[2025-11-16 20:18:21][FINE] Scheduled update for region-file: (-4, 0) (Map: world)
[2025-11-16 20:19:15][FINE] Scheduled update for region-file: (-3, 0) (Map: world)
[2025-11-16 20:19:22][FINE] Scheduled update for region-file: (-4, -1) (Map: world)
[2025-11-16 20:19:22][FINE] Scheduled update for region-file: (-3, -1) (Map: world)
[2025-11-16 20:19:23][FINE] Scheduled update for region-file: (-4, 0) (Map: world)
[2025-11-16 20:19:23][FINE] Scheduled update for region-file: (-1, -1) (Map: world)
[2025-11-16 20:19:38][FINE] Scheduled update for region-file: (-5, 0) (Map: world)
[2025-11-16 20:19:51][FINE] Scheduled update for region-file: (-4, 1) (Map: world)
[2025-11-16 20:19:51][FINE] Scheduled update for region-file: (-3, 1) (Map: world)
[2025-11-16 20:19:51][FINE] Scheduled update for region-file: (-5, 1) (Map: world)
[2025-11-16 20:20:15][FINE] Scheduled update for region-file: (-3, 0) (Map: world)
[2025-11-16 20:20:22][FINE] Scheduled update for region-file: (-4, -1) (Map: world)
[2025-11-16 20:20:23][FINE] Scheduled update for region-file: (-4, 0) (Map: world)
[2025-11-16 20:20:23][FINE] Scheduled update for region-file: (-5, -1) (Map: world)
[2025-11-16 20:20:38][FINE] Scheduled update for region-file: (-5, 0) (Map: world)
[2025-11-16 20:20:51][FINE] Scheduled update for region-file: (-4, 1) (Map: world)
[2025-11-16 20:20:51][FINE] Scheduled update for region-file: (-3, 1) (Map: world)
[2025-11-16 20:20:51][FINE] Scheduled update for region-file: (-5, 1) (Map: world)
[2025-11-16 20:21:23][FINE] Scheduled update for region-file: (-5, -1) (Map: world)
[2025-11-16 20:21:32][FINE] Scheduled update for region-file: (-4, 0) (Map: world)
[2025-11-16 20:21:32][FINE] Scheduled update for region-file: (-3, 0) (Map: world)
[2025-11-16 20:21:38][FINE] Scheduled update for region-file: (-5, 0) (Map: world)
[2025-11-16 20:21:51][FINE] Scheduled update for region-file: (-5, 1) (Map: world)
[2025-11-16 20:21:51][FINE] Scheduled update for region-file: (-3, 1) (Map: world)
[2025-11-16 20:21:51][FINE] Scheduled update for region-file: (-4, 1) (Map: world)
[2025-11-16 20:22:00][FINE] Scheduled update for region-file: (-4, -1) (Map: world)
[2025-11-16 20:22:14][FINE] Scheduled update for region-file: (-6, -3) (Map: world)
[2025-11-16 20:22:14][FINE] Scheduled update for region-file: (-6, -4) (Map: world)
[2025-11-16 20:22:14][FINE] Scheduled update for region-file: (-6, -2) (Map: world)
[2025-11-16 20:22:23][FINE] Scheduled update for region-file: (-5, -1) (Map: world)
[2025-11-16 20:22:24][FINE] Scheduled update for region-file: (-5, -4) (Map: world)
[2025-11-16 20:22:32][FINE] Scheduled update for region-file: (-4, 0) (Map: world)
[2025-11-16 20:22:32][FINE] Scheduled update for region-file: (-3, 0) (Map: world)
[2025-11-16 20:22:38][FINE] Scheduled update for region-file: (-5, 0) (Map: world)
[2025-11-16 20:22:50][FINE] Scheduled update for region-file: (-5, -2) (Map: world)
[2025-11-16 20:23:14][FINE] Scheduled update for region-file: (-6, -3) (Map: world)
[2025-11-16 20:23:14][FINE] Scheduled update for region-file: (-6, -4) (Map: world)
[2025-11-16 20:23:14][FINE] Scheduled update for region-file: (-6, -2) (Map: world)
[2025-11-16 20:23:14][FINE] Scheduled update for region-file: (-5, -3) (Map: world)
[2025-11-16 20:23:24][FINE] Scheduled update for region-file: (-5, -4) (Map: world)
[2025-11-16 20:23:43][FINE] Scheduled update for region-file: (-4, -3) (Map: world)
[2025-11-16 20:23:56][FINE] Scheduled update for region-file: (-4, -4) (Map: world)
[2025-11-16 20:23:59][FINE] Scheduled update for region-file: (-4, -2) (Map: world)
[2025-11-16 20:24:04][FINE] Scheduled update for region-file: (-5, -2) (Map: world)
[2025-11-16 20:24:14][FINE] Scheduled update for region-file: (-5, -3) (Map: world)
[2025-11-16 20:24:20][FINE] Scheduled update for region-file: (-1, -1) (Map: world)
[2025-11-16 20:24:43][FINE] Scheduled update for region-file: (-4, -3) (Map: world)
[2025-11-16 20:24:53][FINE] Scheduled update for region-file: (-5, -4) (Map: world)
[2025-11-16 20:25:04][FINE] Scheduled update for region-file: (-4, -4) (Map: world)
[2025-11-16 20:25:15][FINE] Scheduled update for region-file: (-5, -3) (Map: world)
[2025-11-16 20:25:39][FINE] Scheduled update for region-file: (-4, -2) (Map: world)
[2025-11-16 20:25:39][FINE] Scheduled update for region-file: (-3, -2) (Map: world)
[2025-11-16 20:25:51][FINE] Scheduled update for region-file: (-4, -3) (Map: world)
[2025-11-16 20:25:52][FINE] Scheduled update for region-file: (-3, -3) (Map: world)
[2025-11-16 20:25:53][FINE] Scheduled update for region-file: (-5, -4) (Map: world)
[2025-11-16 20:26:04][FINE] Scheduled update for region-file: (-4, -4) (Map: world)
[2025-11-16 20:26:15][FINE] Scheduled update for region-file: (-5, -3) (Map: world)
[2025-11-16 20:26:15][FINE] Scheduled update for region-file: (-4, -5) (Map: world)
[2025-11-16 20:26:53][FINE] Scheduled update for region-file: (-5, -4) (Map: world)
[2025-11-16 20:26:54][FINE] Scheduled update for region-file: (-3, -3) (Map: world)
[2025-11-16 20:26:54][FINE] Scheduled update for region-file: (-4, -3) (Map: world)
[2025-11-16 20:27:15][FINE] Scheduled update for region-file: (-4, -5) (Map: world)
[2025-11-16 20:27:16][FINE] Scheduled update for region-file: (-2, -5) (Map: world)
[2025-11-16 20:27:16][FINE] Scheduled update for region-file: (-2, -4) (Map: world)
[2025-11-16 20:27:20][FINE] Scheduled update for region-file: (-3, -5) (Map: world)
[2025-11-16 20:27:20][FINE] Scheduled update for region-file: (-4, -4) (Map: world)
[2025-11-16 20:27:20][FINE] Scheduled update for region-file: (-3, -4) (Map: world)
[2025-11-16 20:27:58][FINE] Scheduled update for region-file: (-2, -8) (Map: world)
[2025-11-16 20:28:09][FINE] Scheduled update for region-file: (-1, -9) (Map: world)
[2025-11-16 20:28:15][FINE] Scheduled update for region-file: (-4, -5) (Map: world)
[2025-11-16 20:28:15][FINE] Scheduled update for region-file: (-1, -7) (Map: world)
[2025-11-16 20:28:19][FINE] Scheduled update for region-file: (-1, -8) (Map: world)
[2025-11-16 20:28:20][FINE] Scheduled update for region-file: (-3, -5) (Map: world)
[2025-11-16 20:28:20][FINE] Scheduled update for region-file: (-4, -4) (Map: world)
[2025-11-16 20:28:20][FINE] Scheduled update for region-file: (-3, -4) (Map: world)
[2025-11-16 20:28:40][FINE] Scheduled update for region-file: (0, -8) (Map: world)
[2025-11-16 20:28:40][FINE] Scheduled update for region-file: (0, -7) (Map: world)
[2025-11-16 20:28:48][FINE] Scheduled update for region-file: (1, -6) (Map: world)
[2025-11-16 20:29:13][FINE] Scheduled update for region-file: (0, -6) (Map: world)
[2025-11-16 20:29:14][FINE] Scheduled update for region-file: (1, -8) (Map: world)
[2025-11-16 20:29:15][FINE] Scheduled update for region-file: (-1, -7) (Map: world)
[2025-11-16 20:29:17][FINE] Scheduled update for region-file: (1, -7) (Map: world)
[2025-11-16 20:29:19][FINE] Scheduled update for region-file: (-1, -8) (Map: world)
[2025-11-16 20:29:20][FINE] Scheduled update for region-file: (-1, -1) (Map: world)
[2025-11-16 20:29:24][FINE] Scheduled update for region-file: (2, -8) (Map: world)
[2025-11-16 20:29:34][FINE] Scheduled update for region-file: (2, -7) (Map: world)
[2025-11-16 20:29:40][FINE] Scheduled update for region-file: (0, -8) (Map: world)
[2025-11-16 20:29:40][FINE] Scheduled update for region-file: (0, -7) (Map: world)
[2025-11-16 20:29:55][FINE] Scheduled update for region-file: (2, -6) (Map: world)
[2025-11-16 20:30:15][FINE] Scheduled update for region-file: (1, -6) (Map: world)
[2025-11-16 20:30:16][FINE] Scheduled update for region-file: (1, -8) (Map: world)
[2025-11-16 20:30:19][FINE] Scheduled update for region-file: (1, -7) (Map: world)
[2025-11-16 20:30:24][FINE] Scheduled update for region-file: (2, -8) (Map: world)
[2025-11-16 20:30:34][FINE] Scheduled update for region-file: (2, -7) (Map: world)
[2025-11-16 20:31:17][FINE] Scheduled update for region-file: (2, -6) (Map: world)
[2025-11-16 20:31:17][FINE] Scheduled update for region-file: (3, -6) (Map: world)
[2025-11-16 20:31:17][FINE] Scheduled update for region-file: (1, -6) (Map: world)
[2025-11-16 20:31:22][FINE] Scheduled update for region-file: (3, -7) (Map: world)
[2025-11-16 20:31:22][FINE] Scheduled update for region-file: (1, -7) (Map: world)
[2025-11-16 20:31:32][FINE] Scheduled update for region-file: (1, -8) (Map: world)
[2025-11-16 20:31:48][FINE] Scheduled update for region-file: (3, -8) (Map: world)
[2025-11-16 20:31:53][FINE] Scheduled update for region-file: (2, -7) (Map: world)
[2025-11-16 20:32:06][FINE] Scheduled update for region-file: (2, -8) (Map: world)
[2025-11-16 20:32:22][FINE] Scheduled update for region-file: (1, -7) (Map: world)
[2025-11-16 20:32:24][FINE] Scheduled update for region-file: (2, -6) (Map: world)
[2025-11-16 20:32:24][FINE] Scheduled update for region-file: (3, -6) (Map: world)
[2025-11-16 20:32:40][FINE] Scheduled update for region-file: (3, -7) (Map: world)
[2025-11-16 20:32:48][FINE] Scheduled update for region-file: (3, -8) (Map: world)
[2025-11-16 20:32:53][FINE] Scheduled update for region-file: (2, -7) (Map: world)
[2025-11-16 20:33:05][FINE] Scheduled update for region-file: (1, -8) (Map: world)
[2025-11-16 20:33:22][FINE] Scheduled update for region-file: (1, -7) (Map: world)
[2025-11-16 20:33:25][FINE] Scheduled update for region-file: (2, -8) (Map: world)
[2025-11-16 20:33:25][FINE] Scheduled update for region-file: (2, -6) (Map: world)
[2025-11-16 20:33:48][FINE] Scheduled update for region-file: (3, -8) (Map: world)
[2025-11-16 20:33:51][FINE] Scheduled update for region-file: (3, -7) (Map: world)
[2025-11-16 20:33:53][FINE] Scheduled update for region-file: (2, -7) (Map: world)
[2025-11-16 20:34:21][FINE] Scheduled update for region-file: (-1, -1) (Map: world)
[2025-11-16 20:34:25][FINE] Scheduled update for region-file: (2, -8) (Map: world)
[2025-11-16 20:34:25][FINE] Scheduled update for region-file: (2, -6) (Map: world)
[2025-11-16 20:34:53][FINE] Scheduled update for region-file: (2, -7) (Map: world)
[2025-11-16 20:35:02][FINE] Scheduled update for region-file: (3, -6) (Map: world)
[2025-11-16 20:35:10][FINE] Scheduled update for region-file: (3, -7) (Map: world)
[2025-11-16 20:35:11][FINE] Scheduled update for region-file: (1, -7) (Map: world)
[2025-11-16 20:35:23][FINE] Scheduled update for region-file: (1, -6) (Map: world)
[2025-11-16 20:35:47][FINE] Scheduled update for region-file: (2, -6) (Map: world)
[2025-11-16 20:35:53][FINE] Scheduled update for region-file: (2, -7) (Map: world)
[2025-11-16 20:36:02][FINE] Scheduled update for region-file: (3, -6) (Map: world)
[2025-11-16 20:36:11][FINE] Scheduled update for region-file: (1, -7) (Map: world)
[2025-11-16 20:36:19][FINE] Scheduled update for region-file: (3, -5) (Map: world)
[2025-11-16 20:36:26][FINE] Scheduled update for region-file: (3, -7) (Map: world)
[2025-11-16 20:36:48][FINE] Scheduled update for region-file: (4, -5) (Map: world)
[2025-11-16 20:36:51][FINE] Scheduled update for region-file: (2, -6) (Map: world)
[2025-11-16 20:36:51][FINE] Scheduled update for region-file: (2, -5) (Map: world)
[2025-11-16 20:36:53][FINE] Scheduled update for region-file: (2, -7) (Map: world)
[2025-11-16 20:37:02][FINE] Scheduled update for region-file: (3, -6) (Map: world)
[2025-11-16 20:37:19][FINE] Scheduled update for region-file: (3, -5) (Map: world)
[2025-11-16 20:37:25][FINE] Scheduled update for region-file: (4, -6) (Map: world)
[2025-11-16 20:37:27][FINE] Scheduled update for region-file: (3, -7) (Map: world)
[2025-11-16 20:37:48][FINE] Scheduled update for region-file: (4, -5) (Map: world)
[2025-11-16 20:37:51][FINE] Scheduled update for region-file: (2, -6) (Map: world)
[2025-11-16 20:37:51][FINE] Scheduled update for region-file: (2, -5) (Map: world)
[2025-11-16 20:37:53][FINE] Scheduled update for region-file: (2, -7) (Map: world)
[2025-11-16 20:37:56][FINE] Scheduled update for region-file: (4, -7) (Map: world)
[2025-11-16 20:38:02][FINE] Scheduled update for region-file: (3, -6) (Map: world)
[2025-11-16 20:38:27][FINE] Scheduled update for region-file: (3, -7) (Map: world)
[2025-11-16 20:38:37][FINE] Scheduled update for region-file: (4, -6) (Map: world)
[2025-11-16 20:38:48][FINE] Scheduled update for region-file: (4, -5) (Map: world)
[2025-11-16 20:38:56][FINE] Scheduled update for region-file: (4, -7) (Map: world)
[2025-11-16 20:39:03][FINE] Scheduled update for region-file: (3, -6) (Map: world)
[2025-11-16 20:39:06][FINE] Scheduled update for region-file: (2, -6) (Map: world)
[2025-11-16 20:39:06][FINE] Scheduled update for region-file: (2, -5) (Map: world)
[2025-11-16 20:39:21][FINE] Scheduled update for region-file: (-1, -1) (Map: world)
[2025-11-16 20:39:27][FINE] Scheduled update for region-file: (3, -7) (Map: world)
[2025-11-16 20:39:37][FINE] Scheduled update for region-file: (4, -6) (Map: world)
[2025-11-16 20:39:44][FINE] Scheduled update for region-file: (3, -5) (Map: world)
[2025-11-16 20:40:06][FINE] Scheduled update for region-file: (2, -6) (Map: world)
[2025-11-16 20:40:06][FINE] Scheduled update for region-file: (2, -5) (Map: world)
[2025-11-16 20:40:20][FINE] Scheduled update for region-file: (3, -6) (Map: world)
[2025-11-16 20:40:37][FINE] Scheduled update for region-file: (4, -6) (Map: world)
[2025-11-16 20:40:48][FINE] Scheduled update for region-file: (3, -5) (Map: world)
[2025-11-16 20:40:48][FINE] Scheduled update for region-file: (3, -4) (Map: world)
[2025-11-16 20:41:06][FINE] Scheduled update for region-file: (4, -4) (Map: world)
[2025-11-16 20:41:13][FINE] Scheduled update for region-file: (5, -6) (Map: world)
[2025-11-16 20:41:15][FINE] Scheduled update for region-file: (4, -5) (Map: world)
[2025-11-16 20:41:20][FINE] Scheduled update for region-file: (3, -6) (Map: world)
[2025-11-16 20:41:37][FINE] Scheduled update for region-file: (5, -5) (Map: world)
[2025-11-16 20:41:37][FINE] Scheduled update for region-file: (4, -6) (Map: world)
[2025-11-16 20:41:48][FINE] Scheduled update for region-file: (3, -5) (Map: world)
[2025-11-16 20:41:48][FINE] Scheduled update for region-file: (3, -4) (Map: world)
[2025-11-16 20:42:08][FINE] Scheduled update for region-file: (4, -4) (Map: world)
[2025-11-16 20:42:13][FINE] Scheduled update for region-file: (5, -6) (Map: world)
[2025-11-16 20:42:15][FINE] Scheduled update for region-file: (4, -5) (Map: world)
[2025-11-16 20:42:38][FINE] Scheduled update for region-file: (6, -5) (Map: world)
[2025-11-16 20:42:38][FINE] Scheduled update for region-file: (6, -4) (Map: world)
[2025-11-16 20:42:44][FINE] Scheduled update for region-file: (5, -5) (Map: world)
[2025-11-16 20:42:55][FINE] Scheduled update for region-file: (5, -4) (Map: world)
[2025-11-16 20:43:08][FINE] Scheduled update for region-file: (4, -4) (Map: world)
[2025-11-16 20:43:15][FINE] Scheduled update for region-file: (4, -5) (Map: world)
[2025-11-16 20:43:53][FINE] Scheduled update for region-file: (5, -5) (Map: world)
[2025-11-16 20:43:56][FINE] Scheduled update for region-file: (5, -4) (Map: world)
[2025-11-16 20:43:56][FINE] Scheduled update for region-file: (5, -3) (Map: world)
[2025-11-16 20:43:58][FINE] Scheduled update for region-file: (6, -3) (Map: world)
[2025-11-16 20:43:58][FINE] Scheduled update for region-file: (6, -4) (Map: world)
[2025-11-16 20:44:08][FINE] Scheduled update for region-file: (4, -4) (Map: world)
[2025-11-16 20:44:15][FINE] Scheduled update for region-file: (4, -5) (Map: world)
[2025-11-16 20:45:15][FINE] Scheduled update for region-file: (6, -3) (Map: world)
[2025-11-16 20:45:15][FINE] Scheduled update for region-file: (6, -4) (Map: world)
[2025-11-16 20:45:16][FINE] Scheduled update for region-file: (6, -5) (Map: world)
[2025-11-16 20:45:16][FINE] Scheduled update for region-file: (5, -3) (Map: world)
[2025-11-16 20:45:28][FINE] Scheduled update for region-file: (4, -3) (Map: world)
[2025-11-16 20:45:29][FINE] Scheduled update for region-file: (4, -4) (Map: world)
[2025-11-16 20:45:29][FINE] Scheduled update for region-file: (5, -4) (Map: world)
[2025-11-16 20:46:15][FINE] Scheduled update for region-file: (6, -4) (Map: world)
[2025-11-16 20:46:16][FINE] Scheduled update for region-file: (5, -3) (Map: world)
[2025-11-16 20:46:19][FINE] Scheduled update for region-file: (6, -5) (Map: world)
[2025-11-16 20:46:20][FINE] Scheduled update for region-file: (5, -5) (Map: world)
[2025-11-16 20:46:29][FINE] Scheduled update for region-file: (5, -4) (Map: world)
[2025-11-16 20:46:41][FINE] Scheduled update for region-file: (4, -5) (Map: world)
[2025-11-16 20:46:48][FINE] Scheduled update for region-file: (4, -4) (Map: world)
[2025-11-16 20:47:15][FINE] Scheduled update for region-file: (6, -4) (Map: world)
[2025-11-16 20:47:19][FINE] Scheduled update for region-file: (6, -5) (Map: world)
[2025-11-16 20:47:34][FINE] Scheduled update for region-file: (5, -5) (Map: world)
[2025-11-16 20:47:36][FINE] Scheduled update for region-file: (4, -3) (Map: world)
[2025-11-16 20:47:41][FINE] Scheduled update for region-file: (4, -5) (Map: world)
[2025-11-16 20:47:46][FINE] Scheduled update for region-file: (6, -3) (Map: world)
[2025-11-16 20:47:48][FINE] Scheduled update for region-file: (4, -4) (Map: world)
[2025-11-16 20:48:05][FINE] Scheduled update for region-file: (5, -3) (Map: world)
[2025-11-16 20:48:06][FINE] Scheduled update for region-file: (5, -4) (Map: world)
[2025-11-16 20:48:15][FINE] Scheduled update for region-file: (6, -4) (Map: world)
[2025-11-16 20:48:36][FINE] Scheduled update for region-file: (4, -3) (Map: world)
[2025-11-16 20:48:56][FINE] Scheduled update for region-file: (4, -4) (Map: world)
[2025-11-16 20:49:13][FINE] Scheduled update for region-file: (5, -3) (Map: world)
[2025-11-16 20:49:13][FINE] Scheduled update for region-file: (5, -4) (Map: world)
[2025-11-16 20:49:20][FINE] Scheduled update for region-file: (-1, -1) (Map: world)
[2025-11-16 20:49:40][FINE] Scheduled update for region-file: (4, -3) (Map: world)
[2025-11-16 20:49:43][FINE] Scheduled update for region-file: (3, -4) (Map: world)
[2025-11-16 20:50:05][FINE] Scheduled update for region-file: (3, -3) (Map: world)
[2025-11-16 20:50:06][FINE] Scheduled update for region-file: (4, -4) (Map: world)
[2025-11-16 20:50:13][FINE] Scheduled update for region-file: (4, -2) (Map: world)
[2025-11-16 20:50:13][FINE] Scheduled update for region-file: (5, -2) (Map: world)
[2025-11-16 20:50:13][FINE] Scheduled update for region-file: (5, -3) (Map: world)
[2025-11-16 20:50:13][FINE] Scheduled update for region-file: (5, -4) (Map: world)
[2025-11-16 20:50:43][FINE] Scheduled update for region-file: (3, -4) (Map: world)
[2025-11-16 20:51:05][FINE] Scheduled update for region-file: (3, -3) (Map: world)
[2025-11-16 20:51:05][FINE] Scheduled update for region-file: (4, -3) (Map: world)
[2025-11-16 20:51:06][FINE] Scheduled update for region-file: (3, -2) (Map: world)
[2025-11-16 20:51:06][FINE] Scheduled update for region-file: (4, -4) (Map: world)
[2025-11-16 20:51:13][FINE] Scheduled update for region-file: (5, -2) (Map: world)
[2025-11-16 20:51:13][FINE] Scheduled update for region-file: (5, -3) (Map: world)
[2025-11-16 20:51:18][FINE] Scheduled update for region-file: (2, -4) (Map: world)
[2025-11-16 20:51:18][FINE] Scheduled update for region-file: (2, -3) (Map: world)
[2025-11-16 20:51:20][FINE] Scheduled update for region-file: (4, -2) (Map: world)
[2025-11-16 20:51:43][FINE] Scheduled update for region-file: (3, -4) (Map: world)
[2025-11-16 20:52:05][FINE] Scheduled update for region-file: (3, -3) (Map: world)
[2025-11-16 20:52:05][FINE] Scheduled update for region-file: (4, -3) (Map: world)
[2025-11-16 20:52:06][FINE] Scheduled update for region-file: (3, -2) (Map: world)
[2025-11-16 20:54:20][FINE] Scheduled update for region-file: (-1, -1) (Map: world)
[2025-11-16 20:54:20][FINE] Scheduled update for region-file: (0, 0) (Map: world)
[2025-11-16 20:54:20][FINE] Scheduled update for region-file: (-1, 0) (Map: world)
[2025-11-16 20:55:34][FINE] Scheduled update for region-file: (0, 0) (Map: world)
[2025-11-16 20:55:35][FINE] Scheduled update for region-file: (0, -1) (Map: world)
[2025-11-16 20:56:09][FINE] Scheduled update for region-file: (0, 0) (Map: world_nether)
[2025-11-16 20:56:09][FINE] Scheduled update for region-file: (-1, -1) (Map: world_nether)
[2025-11-16 20:56:10][FINE] Scheduled update for region-file: (-1, 0) (Map: world)
[2025-11-16 20:56:10][FINE] Scheduled update for region-file: (-1, -1) (Map: world)
[2025-11-16 20:56:10][FINE] Scheduled update for region-file: (0, -1) (Map: world_nether)
[2025-11-16 20:56:34][FINE] Scheduled update for region-file: (0, 0) (Map: world)
[2025-11-16 20:56:35][FINE] Scheduled update for region-file: (0, -1) (Map: world)
[2025-11-16 20:57:35][FINE] Scheduled update for region-file: (0, -1) (Map: world)
[2025-11-16 20:58:19][FINE] Scheduled update for region-file: (0, 0) (Map: world)
[2025-11-16 20:58:35][FINE] Scheduled update for region-file: (0, -1) (Map: world)
[2025-11-16 20:58:46][FINE] Scheduled update for region-file: (-1, -1) (Map: world)
[2025-11-16 20:59:20][FINE] Scheduled update for region-file: (-1, -1) (Map: world_nether)
[2025-11-16 20:59:20][FINE] Scheduled update for region-file: (0, 0) (Map: world_nether)
[2025-11-16 20:59:20][FINE] Scheduled update for region-file: (-1, 0) (Map: world_nether)
[2025-11-16 20:59:35][FINE] Scheduled update for region-file: (0, -1) (Map: world)
[2025-11-16 20:59:50][FINE] Scheduled update for region-file: (-1, -1) (Map: world)
[2025-11-16 20:59:50][FINE] Scheduled update for region-file: (-1, 0) (Map: world)
[2025-11-16 21:00:30][FINE] Scheduled update for region-file: (0, -1) (Map: world_nether)
[2025-11-16 21:00:30][FINE] Scheduled update for region-file: (-1, -1) (Map: world_nether)
[2025-11-16 21:00:30][FINE] Scheduled update for region-file: (0, 0) (Map: world_nether)
[2025-11-16 21:00:30][FINE] Scheduled update for region-file: (-1, 0) (Map: world_nether)
[2025-11-16 21:01:05][FINE] Scheduled update for region-file: (0, -2) (Map: world)
[2025-11-16 21:01:08][FINE] Scheduled update for region-file: (0, -3) (Map: world)
[2025-11-16 21:01:09][FINE] Scheduled update for region-file: (1, -3) (Map: world)
[2025-11-16 21:01:09][FINE] Scheduled update for region-file: (1, -2) (Map: world)
[2025-11-16 21:01:30][FINE] Scheduled update for region-file: (0, -1) (Map: world_nether)
[2025-11-16 21:01:30][FINE] Scheduled update for region-file: (0, 0) (Map: world_nether)
[2025-11-16 21:02:05][FINE] Scheduled update for region-file: (0, -2) (Map: world)
[2025-11-16 21:02:08][FINE] Scheduled update for region-file: (0, -3) (Map: world)
[2025-11-16 21:02:09][FINE] Scheduled update for region-file: (1, -2) (Map: world)
[2025-11-16 21:04:20][FINE] Scheduled update for region-file: (-1, -1) (Map: world)
[2025-11-16 21:05:21][FINE] Scheduled update for region-file: (1, -2) (Map: world)
[2025-11-16 21:05:28][FINE] Scheduled update for region-file: (0, -3) (Map: world)
[2025-11-16 21:06:03][FINE] Scheduled update for region-file: (1, -3) (Map: world)
[2025-11-16 21:06:03][FINE] Scheduled update for region-file: (0, -2) (Map: world)
[2025-11-16 21:06:21][FINE] Scheduled update for region-file: (1, -2) (Map: world)
[2025-11-16 21:06:28][FINE] Scheduled update for region-file: (0, -3) (Map: world)
[2025-11-16 21:09:20][FINE] Scheduled update for region-file: (-1, -1) (Map: world)
[2025-11-16 21:10:56][FINE] Scheduled update for region-file: (0, -3) (Map: world)
[2025-11-16 21:10:56][FINE] Scheduled update for region-file: (1, -3) (Map: world)
[2025-11-16 21:10:57][FINE] Scheduled update for region-file: (0, -2) (Map: world)
[2025-11-16 21:10:57][FINE] Scheduled update for region-file: (1, -2) (Map: world)
[2025-11-16 21:11:42][FINE] Scheduled update for region-file: (-1, -1) (Map: world_nether)
[2025-11-16 21:11:42][FINE] Scheduled update for region-file: (0, 0) (Map: world_nether)
[2025-11-16 21:11:43][FINE] Scheduled update for region-file: (0, -1) (Map: world_nether)
[2025-11-16 21:14:08][FINE] Stopped watching map 'world' for updates.
[2025-11-16 21:14:08][FINE] Stopped watching map 'world_the_end' for updates.
[2025-11-16 21:14:08][FINE] Stopped watching map 'world_nether' for updates.
[2025-11-16 21:14:08][FINE] Started watching map 'world' for updates...
[2025-11-16 21:14:08][FINE] Started watching map 'world_the_end' for updates...
[2025-11-16 21:14:08][FINE] Started watching map 'world_nether' for updates...
[2025-11-16 21:14:20][FINE] Scheduled update for region-file: (-1, -1) (Map: world)
[2025-11-16 21:15:48][FINE] Scheduled update for region-file: (0, -1) (Map: world_nether)
[2025-11-16 21:15:49][FINE] Scheduled update for region-file: (-1, -1) (Map: world_nether)
[2025-11-16 21:15:51][FINE] Scheduled update for region-file: (-1, 0) (Map: world_nether)
[2025-11-16 21:16:09][FINE] Scheduled update for region-file: (0, 0) (Map: world_nether)
[2025-11-16 21:16:37][FINE] Scheduled update for region-file: (-1, -1) (Map: world)
[2025-11-16 21:16:37][FINE] Scheduled update for region-file: (0, 0) (Map: world)
[2025-11-16 21:16:38][FINE] Scheduled update for region-file: (-1, 0) (Map: world)
[2025-11-16 21:16:38][FINE] Scheduled update for region-file: (0, -1) (Map: world)
[2025-11-16 21:16:49][FINE] Scheduled update for region-file: (-1, -1) (Map: world_nether)
[2025-11-16 21:16:51][FINE] Scheduled update for region-file: (-1, 0) (Map: world_nether)
[2025-11-16 21:17:09][FINE] Scheduled update for region-file: (0, 0) (Map: world_nether)
[2025-11-16 21:17:14][FINE] Scheduled update for region-file: (0, -1) (Map: world_nether)
[2025-11-16 21:17:49][FINE] Scheduled update for region-file: (-1, -1) (Map: world_nether)
[2025-11-16 21:18:09][FINE] Scheduled update for region-file: (0, 0) (Map: world_nether)
[2025-11-16 21:19:20][FINE] Scheduled update for region-file: (-1, -1) (Map: world)
[2025-11-16 21:19:54][FINE] Scheduled update for region-file: (-1, 0) (Map: world)
[2025-11-16 21:19:55][FINE] Scheduled update for region-file: (0, -1) (Map: world)
[2025-11-16 21:20:20][FINE] Scheduled update for region-file: (-1, -1) (Map: world)
[2025-11-16 21:20:54][FINE] Scheduled update for region-file: (-1, 0) (Map: world)
[2025-11-16 21:21:23][FINE] Scheduled update for region-file: (-1, -1) (Map: world_nether)
[2025-11-16 21:21:25][FINE] Scheduled update for region-file: (-1, 0) (Map: world_nether)
[2025-11-16 21:21:28][FINE] Scheduled update for region-file: (0, 0) (Map: world_nether)
[2025-11-16 21:21:58][FINE] Scheduled update for region-file: (1, -3) (Map: world)
[2025-11-16 21:21:58][FINE] Scheduled update for region-file: (1, -2) (Map: world)
[2025-11-16 21:21:59][FINE] Scheduled update for region-file: (0, -3) (Map: world)
[2025-11-16 21:21:59][FINE] Scheduled update for region-file: (0, -2) (Map: world)
[2025-11-16 21:22:28][FINE] Scheduled update for region-file: (0, 0) (Map: world_nether)
[2025-11-16 21:22:58][FINE] Scheduled update for region-file: (1, -3) (Map: world)
[2025-11-16 21:22:58][FINE] Scheduled update for region-file: (1, -2) (Map: world)
[2025-11-16 21:22:59][FINE] Scheduled update for region-file: (0, -3) (Map: world)
[2025-11-16 21:24:20][FINE] Scheduled update for region-file: (-1, -1) (Map: world)
[2025-11-16 21:26:55][FINE] Scheduled update for region-file: (0, -3) (Map: world)
[2025-11-16 21:26:56][FINE] Scheduled update for region-file: (0, -2) (Map: world)
[2025-11-16 21:26:56][FINE] Scheduled update for region-file: (1, -3) (Map: world)
[2025-11-16 21:26:56][FINE] Scheduled update for region-file: (1, -2) (Map: world)
[2025-11-16 21:29:20][FINE] Scheduled update for region-file: (-1, -1) (Map: world)
[2025-11-16 21:31:55][FINE] Scheduled update for region-file: (0, -3) (Map: world)
[2025-11-16 21:31:55][FINE] Scheduled update for region-file: (0, -2) (Map: world)
[2025-11-16 21:31:56][FINE] Scheduled update for region-file: (1, -3) (Map: world)
[2025-11-16 21:31:56][FINE] Scheduled update for region-file: (1, -2) (Map: world)
[2025-11-16 21:34:20][FINE] Scheduled update for region-file: (-1, -1) (Map: world)
[2025-11-16 21:36:55][FINE] Scheduled update for region-file: (0, -3) (Map: world)
[2025-11-16 21:36:55][FINE] Scheduled update for region-file: (0, -2) (Map: world)
[2025-11-16 21:36:56][FINE] Scheduled update for region-file: (1, -3) (Map: world)
[2025-11-16 21:36:56][FINE] Scheduled update for region-file: (1, -2) (Map: world)
[2025-11-16 21:37:55][FINE] Scheduled update for region-file: (0, -3) (Map: world)
[2025-11-16 21:37:56][FINE] Scheduled update for region-file: (1, -3) (Map: world)
[2025-11-16 21:39:20][FINE] Scheduled update for region-file: (-1, -1) (Map: world)
[2025-11-16 21:41:46][FINE] Scheduled update for region-file: (1, -2) (Map: world)
[2025-11-16 21:41:48][FINE] Scheduled update for region-file: (0, -3) (Map: world)
[2025-11-16 21:41:55][FINE] Scheduled update for region-file: (0, -2) (Map: world)
[2025-11-16 21:42:00][FINE] Scheduled update for region-file: (1, -3) (Map: world)
[2025-11-16 21:42:46][FINE] Scheduled update for region-file: (1, -2) (Map: world)
[2025-11-16 21:42:48][FINE] Scheduled update for region-file: (0, -3) (Map: world)
[2025-11-16 21:43:03][FINE] Scheduled update for region-file: (1, -3) (Map: world)
[2025-11-16 21:44:03][FINE] Scheduled update for region-file: (1, -3) (Map: world)
[2025-11-16 21:44:20][FINE] Scheduled update for region-file: (-1, -1) (Map: world)
[2025-11-16 21:44:45][FINE] Scheduled update for region-file: (0, -3) (Map: world)
[2025-11-16 21:45:03][FINE] Scheduled update for region-file: (1, -3) (Map: world)
[2025-11-16 21:45:45][FINE] Scheduled update for region-file: (0, -3) (Map: world)
[2025-11-16 21:46:46][FINE] Scheduled update for region-file: (0, -3) (Map: world)
[2025-11-16 21:46:46][FINE] Scheduled update for region-file: (0, -2) (Map: world)
[2025-11-16 21:46:56][FINE] Scheduled update for region-file: (1, -3) (Map: world)
[2025-11-16 21:46:58][FINE] Scheduled update for region-file: (1, -2) (Map: world)
[2025-11-16 21:47:46][FINE] Scheduled update for region-file: (0, -3) (Map: world)
[2025-11-16 21:47:46][FINE] Scheduled update for region-file: (0, -2) (Map: world)
[2025-11-16 21:49:20][FINE] Scheduled update for region-file: (-1, -1) (Map: world)
[2025-11-16 21:50:29][FINE] Scheduled update for region-file: (1, -2) (Map: world)
[2025-11-16 21:50:48][FINE] Scheduled update for region-file: (0, -3) (Map: world)
[2025-11-16 21:50:56][FINE] Scheduled update for region-file: (0, -2) (Map: world)
[2025-11-16 21:51:29][FINE] Scheduled update for region-file: (1, -2) (Map: world)
[2025-11-16 21:51:55][FINE] Scheduled update for region-file: (0, -3) (Map: world)
[2025-11-16 21:51:56][FINE] Scheduled update for region-file: (1, -3) (Map: world)
[2025-11-16 21:51:58][FINE] Scheduled update for region-file: (0, -2) (Map: world)
[2025-11-16 21:52:34][FINE] Scheduled update for region-file: (1, -2) (Map: world)
[2025-11-16 21:52:58][FINE] Scheduled update for region-file: (0, -2) (Map: world)
[2025-11-16 21:53:34][FINE] Scheduled update for region-file: (1, -2) (Map: world)
[2025-11-16 21:54:20][FINE] Scheduled update for region-file: (-1, -1) (Map: world)
[2025-11-16 21:56:55][FINE] Scheduled update for region-file: (0, -3) (Map: world)
[2025-11-16 21:56:56][FINE] Scheduled update for region-file: (0, -2) (Map: world)
[2025-11-16 21:56:56][FINE] Scheduled update for region-file: (1, -3) (Map: world)
[2025-11-16 21:56:56][FINE] Scheduled update for region-file: (1, -2) (Map: world)
[2025-11-16 21:59:20][FINE] Scheduled update for region-file: (-1, -1) (Map: world)
[2025-11-16 22:01:55][FINE] Scheduled update for region-file: (0, -3) (Map: world)
[2025-11-16 22:01:55][FINE] Scheduled update for region-file: (0, -2) (Map: world)
[2025-11-16 22:01:56][FINE] Scheduled update for region-file: (1, -3) (Map: world)
[2025-11-16 22:01:56][FINE] Scheduled update for region-file: (1, -2) (Map: world)
[2025-11-16 22:04:20][FINE] Scheduled update for region-file: (-1, -1) (Map: world)
[2025-11-16 22:06:55][FINE] Scheduled update for region-file: (0, -3) (Map: world)
[2025-11-16 22:06:56][FINE] Scheduled update for region-file: (0, -2) (Map: world)
[2025-11-16 22:06:56][FINE] Scheduled update for region-file: (1, -3) (Map: world)
[2025-11-16 22:06:56][FINE] Scheduled update for region-file: (1, -2) (Map: world)
[2025-11-16 22:09:20][FINE] Scheduled update for region-file: (-1, -1) (Map: world)
[2025-11-16 22:11:55][FINE] Scheduled update for region-file: (0, -3) (Map: world)
[2025-11-16 22:11:56][FINE] Scheduled update for region-file: (1, -3) (Map: world)
[2025-11-16 22:11:56][FINE] Scheduled update for region-file: (1, -2) (Map: world)
[2025-11-16 22:11:57][FINE] Scheduled update for region-file: (0, -2) (Map: world)
[2025-11-16 22:14:08][FINE] Stopped watching map 'world' for updates.
[2025-11-16 22:14:08][FINE] Stopped watching map 'world_the_end' for updates.
[2025-11-16 22:14:08][FINE] Stopped watching map 'world_nether' for updates.
[2025-11-16 22:14:08][FINE] Started watching map 'world' for updates...
[2025-11-16 22:14:08][FINE] Started watching map 'world_the_end' for updates...
[2025-11-16 22:14:08][FINE] Started watching map 'world_nether' for updates...
[2025-11-16 22:14:20][FINE] Scheduled update for region-file: (-1, -1) (Map: world)
[2025-11-16 22:15:56][FINE] Scheduled update for region-file: (0, -3) (Map: world)
[2025-11-16 22:16:56][FINE] Scheduled update for region-file: (0, -2) (Map: world)
[2025-11-16 22:16:56][FINE] Scheduled update for region-file: (1, -3) (Map: world)
[2025-11-16 22:16:57][FINE] Scheduled update for region-file: (0, -3) (Map: world)
[2025-11-16 22:16:58][FINE] Scheduled update for region-file: (1, -2) (Map: world)
[2025-11-16 22:17:56][FINE] Scheduled update for region-file: (0, -2) (Map: world)
[2025-11-16 22:17:57][FINE] Scheduled update for region-file: (0, -3) (Map: world)
[2025-11-16 22:17:58][FINE] Scheduled update for region-file: (1, -2) (Map: world)
[2025-11-16 22:19:20][FINE] Scheduled update for region-file: (-1, -1) (Map: world)
[2025-11-16 22:20:01][FINE] Scheduled update for region-file: (1, -2) (Map: world)
[2025-11-16 22:20:03][FINE] Scheduled update for region-file: (0, -3) (Map: world)
[2025-11-16 22:20:07][FINE] Scheduled update for region-file: (0, -2) (Map: world)
[2025-11-16 22:21:55][FINE] Scheduled update for region-file: (0, -3) (Map: world)
[2025-11-16 22:21:55][FINE] Scheduled update for region-file: (0, -2) (Map: world)
[2025-11-16 22:21:56][FINE] Scheduled update for region-file: (1, -3) (Map: world)
[2025-11-16 22:21:56][FINE] Scheduled update for region-file: (1, -2) (Map: world)
[2025-11-16 22:24:20][FINE] Scheduled update for region-file: (-1, -1) (Map: world)
[2025-11-16 22:25:56][FINE] Scheduled update for region-file: (0, -3) (Map: world)
[2025-11-16 22:26:43][FINE] Scheduled update for region-file: (0, -2) (Map: world)
[2025-11-16 22:26:56][FINE] Scheduled update for region-file: (1, -3) (Map: world)
[2025-11-16 22:26:57][FINE] Scheduled update for region-file: (0, -3) (Map: world)
[2025-11-16 22:26:58][FINE] Scheduled update for region-file: (1, -2) (Map: world)
[2025-11-16 22:27:43][FINE] Scheduled update for region-file: (0, -2) (Map: world)
[2025-11-16 22:27:57][FINE] Scheduled update for region-file: (0, -3) (Map: world)
[2025-11-16 22:28:16][FINE] Scheduled update for region-file: (1, -2) (Map: world)
[2025-11-16 22:28:28][FINE] Scheduled update for region-file: (2, -3) (Map: world)
[2025-11-16 22:28:28][FINE] Scheduled update for region-file: (2, -2) (Map: world)
[2025-11-16 22:28:38][FINE] Scheduled update for region-file: (1, -3) (Map: world)
[2025-11-16 22:29:17][FINE] Scheduled update for region-file: (1, -2) (Map: world)
[2025-11-16 22:29:20][FINE] Scheduled update for region-file: (-1, -1) (Map: world)
[2025-11-16 22:29:38][FINE] Scheduled update for region-file: (1, -3) (Map: world)
[2025-11-16 22:29:57][FINE] Scheduled update for region-file: (0, -2) (Map: world)
[2025-11-16 22:30:21][FINE] Scheduled update for region-file: (1, -2) (Map: world)
[2025-11-16 22:30:40][FINE] Scheduled update for region-file: (1, -3) (Map: world)
[2025-11-16 22:30:57][FINE] Scheduled update for region-file: (0, -2) (Map: world)
[2025-11-16 22:31:21][FINE] Scheduled update for region-file: (1, -2) (Map: world)
[2025-11-16 22:31:56][FINE] Scheduled update for region-file: (1, -3) (Map: world)
[2025-11-16 22:32:21][FINE] Scheduled update for region-file: (1, -2) (Map: world)
[2025-11-16 22:33:01][FINE] Scheduled update for region-file: (1, -3) (Map: world)
[2025-11-16 22:33:04][FINE] Scheduled update for region-file: (0, -3) (Map: world)
[2025-11-16 22:33:08][FINE] Scheduled update for region-file: (0, -2) (Map: world)
[2025-11-16 22:33:21][FINE] Scheduled update for region-file: (1, -2) (Map: world)
[2025-11-16 22:34:07][FINE] Scheduled update for region-file: (0, -3) (Map: world)
[2025-11-16 22:34:14][FINE] Scheduled update for region-file: (0, -2) (Map: world)
[2025-11-16 22:34:20][FINE] Scheduled update for region-file: (-1, -1) (Map: world)
[2025-11-16 22:34:21][FINE] Scheduled update for region-file: (1, -2) (Map: world)
[2025-11-16 22:35:09][FINE] Scheduled update for region-file: (0, -3) (Map: world)
[2025-11-16 22:35:14][FINE] Scheduled update for region-file: (0, -2) (Map: world)
[2025-11-16 22:35:21][FINE] Scheduled update for region-file: (1, -2) (Map: world)
[2025-11-16 22:35:41][FINE] Scheduled update for region-file: (1, -3) (Map: world)
[2025-11-16 22:36:12][FINE] Scheduled update for region-file: (0, -3) (Map: world)
[2025-11-16 22:36:56][FINE] Scheduled update for region-file: (1, -3) (Map: world)
[2025-11-16 22:36:58][FINE] Scheduled update for region-file: (1, -2) (Map: world)
[2025-11-16 22:37:12][FINE] Scheduled update for region-file: (0, -3) (Map: world)
[2025-11-16 22:37:58][FINE] Scheduled update for region-file: (1, -3) (Map: world)
[2025-11-16 22:38:01][FINE] Scheduled update for region-file: (1, -2) (Map: world)
[2025-11-16 22:38:08][FINE] Scheduled update for region-file: (0, -2) (Map: world)
[2025-11-16 22:38:15][FINE] Scheduled update for region-file: (0, -3) (Map: world)
[2025-11-16 22:39:08][FINE] Scheduled update for region-file: (0, -2) (Map: world)
[2025-11-16 22:40:41][FINE] Scheduled update for region-file: (1, -3) (Map: world)
[2025-11-16 22:41:22][FINE] Scheduled update for region-file: (0, -3) (Map: world)
[2025-11-16 22:41:41][FINE] Scheduled update for region-file: (1, -3) (Map: world)
[2025-11-16 22:41:56][FINE] Scheduled update for region-file: (1, -2) (Map: world)
[2025-11-16 22:42:42][FINE] Scheduled update for region-file: (1, -3) (Map: world)
[2025-11-16 22:42:56][FINE] Scheduled update for region-file: (0, -3) (Map: world)
[2025-11-16 22:43:08][FINE] Scheduled update for region-file: (0, -2) (Map: world)
[2025-11-16 22:43:42][FINE] Scheduled update for region-file: (1, -3) (Map: world)
[2025-11-16 22:43:56][FINE] Scheduled update for region-file: (0, -3) (Map: world)
[2025-11-16 22:45:41][FINE] Scheduled update for region-file: (1, -3) (Map: world)
[2025-11-16 22:46:12][FINE] Scheduled update for region-file: (0, -3) (Map: world)
[2025-11-16 22:46:56][FINE] Scheduled update for region-file: (1, -3) (Map: world)
[2025-11-16 22:46:58][FINE] Scheduled update for region-file: (1, -2) (Map: world)
[2025-11-16 22:47:43][FINE] Scheduled update for region-file: (0, -3) (Map: world)
[2025-11-16 22:47:56][FINE] Scheduled update for region-file: (1, -3) (Map: world)
[2025-11-16 22:48:01][FINE] Scheduled update for region-file: (1, -2) (Map: world)
[2025-11-16 22:48:08][FINE] Scheduled update for region-file: (0, -2) (Map: world)
[2025-11-16 22:48:43][FINE] Scheduled update for region-file: (0, -3) (Map: world)
[2025-11-16 22:48:56][FINE] Scheduled update for region-file: (1, -3) (Map: world)
[2025-11-16 22:49:08][FINE] Scheduled update for region-file: (0, -2) (Map: world)
[2025-11-16 22:50:41][FINE] Scheduled update for region-file: (1, -3) (Map: world)
[2025-11-16 22:51:56][FINE] Scheduled update for region-file: (1, -3) (Map: world)
[2025-11-16 22:51:56][FINE] Scheduled update for region-file: (1, -2) (Map: world)
[2025-11-16 22:52:11][FINE] Failed to process selection: java.net.SocketException: Connection reset
[2025-11-16 22:52:58][FINE] Scheduled update for region-file: (1, -3) (Map: world)
[2025-11-16 22:52:58][FINE] Scheduled update for region-file: (1, -2) (Map: world)
[2025-11-16 22:53:08][FINE] Scheduled update for region-file: (0, -2) (Map: world)
[2025-11-16 22:53:18][FINE] Scheduled update for region-file: (0, -3) (Map: world)
[2025-11-16 22:54:08][FINE] Scheduled update for region-file: (0, -2) (Map: world)
[2025-11-16 22:55:41][FINE] Scheduled update for region-file: (1, -3) (Map: world)
[2025-11-16 22:56:55][FINE] Scheduled update for region-file: (1, -3) (Map: world)
[2025-11-16 22:56:56][FINE] Scheduled update for region-file: (1, -2) (Map: world)
[2025-11-16 22:57:58][FINE] Scheduled update for region-file: (1, -3) (Map: world)
[2025-11-16 22:58:08][FINE] Scheduled update for region-file: (0, -2) (Map: world)
[2025-11-16 22:58:29][FINE] Scheduled update for region-file: (0, -3) (Map: world)
[2025-11-16 22:58:30][FINE] Scheduled update for region-file: (1, -2) (Map: world)
[2025-11-16 22:58:58][FINE] Scheduled update for region-file: (1, -3) (Map: world)
[2025-11-16 22:59:08][FINE] Scheduled update for region-file: (0, -2) (Map: world)
[2025-11-16 22:59:18][FINE] Scheduled update for region-file: (-1, -1) (Map: world_nether)
[2025-11-16 22:59:18][FINE] Scheduled update for region-file: (0, 0) (Map: world_nether)
[2025-11-16 22:59:19][FINE] Scheduled update for region-file: (0, -1) (Map: world_nether)
[2025-11-16 22:59:20][FINE] Scheduled update for region-file: (-1, -1) (Map: world)
[2025-11-16 23:03:07][FINE] Scheduled update for region-file: (-1, -1) (Map: world_nether)
[2025-11-16 23:03:07][FINE] Scheduled update for region-file: (0, 0) (Map: world_nether)
[2025-11-16 23:03:08][FINE] Scheduled update for region-file: (0, -1) (Map: world_nether)
[2025-11-16 23:03:26][FINE] Scheduled update for region-file: (-1, 0) (Map: world_nether)
[2025-11-16 23:04:07][FINE] Scheduled update for region-file: (-1, -1) (Map: world_nether)
[2025-11-16 23:04:07][FINE] Scheduled update for region-file: (0, 0) (Map: world_nether)
[2025-11-16 23:04:08][FINE] Scheduled update for region-file: (0, -1) (Map: world_nether)
[2025-11-16 23:04:13][FINE] Scheduled update for region-file: (-1, -1) (Map: world)
[2025-11-16 23:04:13][FINE] Scheduled update for region-file: (-1, 0) (Map: world)
[2025-11-16 23:04:13][FINE] Scheduled update for region-file: (0, -1) (Map: world)
[2025-11-16 23:04:14][FINE] Scheduled update for region-file: (0, 0) (Map: world)
[2025-11-16 23:04:26][FINE] Scheduled update for region-file: (-1, 0) (Map: world_nether)
[2025-11-16 23:05:13][FINE] Scheduled update for region-file: (-1, -1) (Map: world)
[2025-11-16 23:05:13][FINE] Scheduled update for region-file: (0, -1) (Map: world)
[2025-11-16 23:07:32][FINE] Scheduled update for region-file: (0, 0) (Map: world_nether)
[2025-11-16 23:08:02][FINE] Scheduled update for region-file: (0, -3) (Map: world)
[2025-11-16 23:08:03][FINE] Scheduled update for region-file: (1, -3) (Map: world)
[2025-11-16 23:08:03][FINE] Scheduled update for region-file: (0, -2) (Map: world)
[2025-11-16 23:08:03][FINE] Scheduled update for region-file: (1, -2) (Map: world)
[2025-11-16 23:09:02][FINE] Scheduled update for region-file: (0, -3) (Map: world)
[2025-11-16 23:09:03][FINE] Scheduled update for region-file: (1, -3) (Map: world)
[2025-11-16 23:09:03][FINE] Scheduled update for region-file: (1, -2) (Map: world)
[2025-11-16 23:09:20][FINE] Scheduled update for region-file: (-1, -1) (Map: world)
[2025-11-16 23:12:59][FINE] Scheduled update for region-file: (0, -3) (Map: world)
[2025-11-16 23:12:59][FINE] Scheduled update for region-file: (0, -2) (Map: world)
[2025-11-16 23:13:00][FINE] Scheduled update for region-file: (1, -3) (Map: world)
[2025-11-16 23:13:00][FINE] Scheduled update for region-file: (1, -2) (Map: world)
[2025-11-16 23:14:08][FINE] Stopped watching map 'world' for updates.
[2025-11-16 23:14:08][FINE] Stopped watching map 'world_the_end' for updates.
[2025-11-16 23:14:08][FINE] Stopped watching map 'world_nether' for updates.
[2025-11-16 23:14:08][FINE] Started watching map 'world' for updates...
[2025-11-16 23:14:08][FINE] Started watching map 'world_the_end' for updates...
[2025-11-16 23:14:08][FINE] Started watching map 'world_nether' for updates...
[2025-11-16 23:14:20][FINE] Scheduled update for region-file: (-1, -1) (Map: world)
[2025-11-16 23:18:00][FINE] Scheduled update for region-file: (1, -3) (Map: world)
[2025-11-16 23:18:01][FINE] Scheduled update for region-file: (1, -2) (Map: world)
[2025-11-16 23:18:02][FINE] Scheduled update for region-file: (0, -2) (Map: world)
[2025-11-16 23:18:02][FINE] Scheduled update for region-file: (0, -3) (Map: world)
[2025-11-16 23:19:09][FINE] Scheduled update for region-file: (0, -3) (Map: world)
[2025-11-16 23:19:09][FINE] Scheduled update for region-file: (0, -2) (Map: world)
[2025-11-16 23:19:20][FINE] Scheduled update for region-file: (-1, -1) (Map: world)
[2025-11-16 23:22:59][FINE] Scheduled update for region-file: (0, -3) (Map: world)
[2025-11-16 23:23:00][FINE] Scheduled update for region-file: (1, -3) (Map: world)
[2025-11-16 23:23:00][FINE] Scheduled update for region-file: (0, -2) (Map: world)
[2025-11-16 23:23:01][FINE] Scheduled update for region-file: (1, -2) (Map: world)
[2025-11-16 23:24:20][FINE] Scheduled update for region-file: (-1, -1) (Map: world)
[2025-11-16 23:27:59][FINE] Scheduled update for region-file: (0, -3) (Map: world)
[2025-11-16 23:28:00][FINE] Scheduled update for region-file: (1, -3) (Map: world)
[2025-11-16 23:28:00][FINE] Scheduled update for region-file: (1, -2) (Map: world)
[2025-11-16 23:28:01][FINE] Scheduled update for region-file: (0, -2) (Map: world)
[2025-11-16 23:28:59][FINE] Scheduled update for region-file: (0, -3) (Map: world)
[2025-11-16 23:29:00][FINE] Scheduled update for region-file: (1, -3) (Map: world)
[2025-11-16 23:29:20][FINE] Scheduled update for region-file: (-1, -1) (Map: world)
[2025-11-16 23:33:00][FINE] Scheduled update for region-file: (1, -3) (Map: world)
[2025-11-16 23:33:01][FINE] Scheduled update for region-file: (0, -2) (Map: world)
[2025-11-16 23:33:01][FINE] Scheduled update for region-file: (1, -2) (Map: world)
[2025-11-16 23:33:02][FINE] Scheduled update for region-file: (0, -3) (Map: world)
[2025-11-16 23:34:01][FINE] Scheduled update for region-file: (1, -2) (Map: world)
[2025-11-16 23:34:09][FINE] Scheduled update for region-file: (0, -3) (Map: world)
[2025-11-16 23:34:09][FINE] Scheduled update for region-file: (0, -2) (Map: world)
[2025-11-16 23:34:20][FINE] Scheduled update for region-file: (-1, -1) (Map: world)
[2025-11-16 23:38:00][FINE] Scheduled update for region-file: (1, -3) (Map: world)
[2025-11-16 23:38:00][FINE] Scheduled update for region-file: (0, -2) (Map: world)
[2025-11-16 23:38:01][FINE] Scheduled update for region-file: (1, -2) (Map: world)
[2025-11-16 23:39:20][FINE] Scheduled update for region-file: (-1, -1) (Map: world)
[2025-11-16 23:42:58][FINE] Scheduled update for region-file: (1, -2) (Map: world)
[2025-11-16 23:43:00][FINE] Scheduled update for region-file: (1, -3) (Map: world)
[2025-11-16 23:43:01][FINE] Scheduled update for region-file: (0, -2) (Map: world)
[2025-11-16 23:44:20][FINE] Scheduled update for region-file: (-1, -1) (Map: world)
[2025-11-16 23:47:59][FINE] Scheduled update for region-file: (0, -3) (Map: world)
[2025-11-16 23:48:00][FINE] Scheduled update for region-file: (1, -3) (Map: world)
[2025-11-16 23:48:01][FINE] Scheduled update for region-file: (0, -2) (Map: world)
[2025-11-16 23:48:02][FINE] Scheduled update for region-file: (1, -2) (Map: world)
[2025-11-16 23:49:02][FINE] Scheduled update for region-file: (1, -2) (Map: world)
[2025-11-16 23:49:20][FINE] Scheduled update for region-file: (-1, -1) (Map: world)
[2025-11-16 23:52:23][FINE] Scheduled update for region-file: (1, -2) (Map: world)
[2025-11-16 23:52:57][FINE] Scheduled update for region-file: (0, -3) (Map: world)
[2025-11-16 23:53:00][FINE] Scheduled update for region-file: (1, -3) (Map: world)
[2025-11-16 23:53:01][FINE] Scheduled update for region-file: (0, -2) (Map: world)
[2025-11-16 23:53:23][FINE] Scheduled update for region-file: (1, -2) (Map: world)
[2025-11-16 23:54:20][FINE] Scheduled update for region-file: (-1, -1) (Map: world)
[2025-11-16 23:57:59][FINE] Scheduled update for region-file: (0, -3) (Map: world)
[2025-11-16 23:58:00][FINE] Scheduled update for region-file: (1, -3) (Map: world)
[2025-11-16 23:58:00][FINE] Scheduled update for region-file: (1, -2) (Map: world)
[2025-11-16 23:58:01][FINE] Scheduled update for region-file: (0, -2) (Map: world)
[2025-11-16 23:59:20][FINE] Scheduled update for region-file: (-1, -1) (Map: world)
[2025-11-17 00:02:57][FINE] Scheduled update for region-file: (1, -3) (Map: world)
[2025-11-17 00:02:59][FINE] Scheduled update for region-file: (1, -2) (Map: world)
[2025-11-17 00:02:59][FINE] Scheduled update for region-file: (0, -3) (Map: world)
[2025-11-17 00:03:00][FINE] Scheduled update for region-file: (0, -2) (Map: world)
[2025-11-17 00:04:20][FINE] Scheduled update for region-file: (-1, -1) (Map: world)
[2025-11-17 00:07:57][FINE] Scheduled update for region-file: (0, -3) (Map: world)
[2025-11-17 00:08:00][FINE] Scheduled update for region-file: (1, -3) (Map: world)
[2025-11-17 00:08:01][FINE] Scheduled update for region-file: (0, -2) (Map: world)
[2025-11-17 00:08:01][FINE] Scheduled update for region-file: (1, -2) (Map: world)
[2025-11-17 00:09:20][FINE] Scheduled update for region-file: (-1, -1) (Map: world)
[2025-11-17 00:12:59][FINE] Scheduled update for region-file: (0, -3) (Map: world)
[2025-11-17 00:13:00][FINE] Scheduled update for region-file: (1, -3) (Map: world)
[2025-11-17 00:13:01][FINE] Scheduled update for region-file: (0, -2) (Map: world)
[2025-11-17 00:13:01][FINE] Scheduled update for region-file: (1, -2) (Map: world)
[2025-11-17 00:14:08][FINE] Stopped watching map 'world' for updates.
[2025-11-17 00:14:08][FINE] Stopped watching map 'world_the_end' for updates.
[2025-11-17 00:14:08][FINE] Stopped watching map 'world_nether' for updates.
[2025-11-17 00:14:08][FINE] Started watching map 'world' for updates...
[2025-11-17 00:14:08][FINE] Started watching map 'world_the_end' for updates...
[2025-11-17 00:14:08][FINE] Started watching map 'world_nether' for updates...
[2025-11-17 00:14:20][FINE] Scheduled update for region-file: (-1, -1) (Map: world)
[2025-11-17 00:17:59][FINE] Scheduled update for region-file: (0, -3) (Map: world)
[2025-11-17 00:18:00][FINE] Scheduled update for region-file: (1, -3) (Map: world)
[2025-11-17 00:18:00][FINE] Scheduled update for region-file: (1, -2) (Map: world)
[2025-11-17 00:18:00][FINE] Scheduled update for region-file: (0, -2) (Map: world)
[2025-11-17 00:19:20][FINE] Scheduled update for region-file: (-1, -1) (Map: world)
[2025-11-17 00:22:59][FINE] Scheduled update for region-file: (0, -3) (Map: world)
[2025-11-17 00:23:00][FINE] Scheduled update for region-file: (1, -3) (Map: world)
[2025-11-17 00:23:00][FINE] Scheduled update for region-file: (0, -2) (Map: world)
[2025-11-17 00:23:01][FINE] Scheduled update for region-file: (1, -2) (Map: world)
[2025-11-17 00:24:20][FINE] Scheduled update for region-file: (-1, -1) (Map: world)
[2025-11-17 00:28:00][FINE] Scheduled update for region-file: (1, -3) (Map: world)
[2025-11-17 00:28:01][FINE] Scheduled update for region-file: (0, -2) (Map: world)
[2025-11-17 00:28:01][FINE] Scheduled update for region-file: (1, -2) (Map: world)
[2025-11-17 00:29:20][FINE] Scheduled update for region-file: (-1, -1) (Map: world)
[2025-11-17 00:33:00][FINE] Scheduled update for region-file: (1, -3) (Map: world)
[2025-11-17 00:33:00][FINE] Scheduled update for region-file: (0, -3) (Map: world)
[2025-11-17 00:33:01][FINE] Scheduled update for region-file: (0, -2) (Map: world)
[2025-11-17 00:33:01][FINE] Scheduled update for region-file: (1, -2) (Map: world)
[2025-11-17 00:37:56][FINE] Scheduled update for region-file: (1, -2) (Map: world)
[2025-11-17 00:37:59][FINE] Scheduled update for region-file: (1, -3) (Map: world)
[2025-11-17 00:38:01][FINE] Scheduled update for region-file: (0, -2) (Map: world)
[2025-11-17 00:39:20][FINE] Scheduled update for region-file: (-1, -1) (Map: world)
[2025-11-17 00:42:57][FINE] Scheduled update for region-file: (1, -2) (Map: world)
[2025-11-17 00:42:59][FINE] Scheduled update for region-file: (0, -2) (Map: world)
[2025-11-17 00:43:00][FINE] Scheduled update for region-file: (1, -3) (Map: world)
[2025-11-17 00:47:56][FINE] Scheduled update for region-file: (1, -3) (Map: world)
[2025-11-17 00:48:01][FINE] Scheduled update for region-file: (0, -2) (Map: world)
[2025-11-17 00:48:01][FINE] Scheduled update for region-file: (1, -2) (Map: world)
[2025-11-17 00:49:20][FINE] Scheduled update for region-file: (-1, -1) (Map: world)
[2025-11-17 00:53:00][FINE] Scheduled update for region-file: (1, -3) (Map: world)
[2025-11-17 00:53:01][FINE] Scheduled update for region-file: (1, -2) (Map: world)
[2025-11-17 00:53:01][FINE] Scheduled update for region-file: (0, -2) (Map: world)
[2025-11-17 00:57:59][FINE] Scheduled update for region-file: (1, -3) (Map: world)
[2025-11-17 00:58:01][FINE] Scheduled update for region-file: (0, -2) (Map: world)
[2025-11-17 00:58:01][FINE] Scheduled update for region-file: (1, -2) (Map: world)
[2025-11-17 01:02:57][FINE] Scheduled update for region-file: (0, -3) (Map: world)
[2025-11-17 01:02:59][FINE] Scheduled update for region-file: (1, -2) (Map: world)
[2025-11-17 01:02:59][FINE] Scheduled update for region-file: (1, -3) (Map: world)
[2025-11-17 01:07:57][FINE] Scheduled update for region-file: (0, -3) (Map: world)
[2025-11-17 01:08:00][FINE] Scheduled update for region-file: (1, -3) (Map: world)
[2025-11-17 01:08:01][FINE] Scheduled update for region-file: (0, -2) (Map: world)
[2025-11-17 01:08:01][FINE] Scheduled update for region-file: (1, -2) (Map: world)
[2025-11-17 01:09:20][FINE] Scheduled update for region-file: (-1, -1) (Map: world)
[2025-11-17 01:12:59][FINE] Scheduled update for region-file: (0, -3) (Map: world)
[2025-11-17 01:12:59][FINE] Scheduled update for region-file: (1, -3) (Map: world)
[2025-11-17 01:13:01][FINE] Scheduled update for region-file: (0, -2) (Map: world)
[2025-11-17 01:13:01][FINE] Scheduled update for region-file: (1, -2) (Map: world)
[2025-11-17 01:14:08][FINE] Stopped watching map 'world' for updates.
[2025-11-17 01:14:08][FINE] Stopped watching map 'world_the_end' for updates.
[2025-11-17 01:14:08][FINE] Stopped watching map 'world_nether' for updates.
[2025-11-17 01:14:08][FINE] Started watching map 'world' for updates...
[2025-11-17 01:14:08][FINE] Started watching map 'world_the_end' for updates...
[2025-11-17 01:14:08][FINE] Started watching map 'world_nether' for updates...
[2025-11-17 01:17:59][FINE] Scheduled update for region-file: (1, -3) (Map: world)
[2025-11-17 01:17:59][FINE] Scheduled update for region-file: (0, -3) (Map: world)
[2025-11-17 01:18:01][FINE] Scheduled update for region-file: (0, -2) (Map: world)
[2025-11-17 01:18:01][FINE] Scheduled update for region-file: (1, -2) (Map: world)
[2025-11-17 01:22:56][FINE] Scheduled update for region-file: (1, -2) (Map: world)
[2025-11-17 01:23:00][FINE] Scheduled update for region-file: (1, -3) (Map: world)
[2025-11-17 01:27:59][FINE] Scheduled update for region-file: (1, -3) (Map: world)
[2025-11-17 01:28:01][FINE] Scheduled update for region-file: (0, -2) (Map: world)
[2025-11-17 01:28:01][FINE] Scheduled update for region-file: (0, -3) (Map: world)
[2025-11-17 01:28:01][FINE] Scheduled update for region-file: (1, -2) (Map: world)
[2025-11-17 01:29:50][FINE] Scheduled update for region-file: (0, -3) (Map: world)
[2025-11-17 01:29:50][FINE] Scheduled update for region-file: (1, -3) (Map: world)
[2025-11-17 01:29:51][FINE] Scheduled update for region-file: (0, -2) (Map: world)
[2025-11-17 01:29:51][FINE] Scheduled update for region-file: (1, -2) (Map: world)
[2025-11-17 01:32:23][FINE] Scheduled update for region-file: (0, 0) (Map: world_nether)
[2025-11-17 01:33:25][FINE] Scheduled update for region-file: (0, 0) (Map: world_nether)
[2025-11-17 01:33:45][FINE] Scheduled update for region-file: (0, -1) (Map: world_nether)
[2025-11-17 01:34:20][FINE] Scheduled update for region-file: (-1, -1) (Map: world_nether)
[2025-11-17 01:34:46][FINE] Scheduled update for region-file: (-1, 0) (Map: world_nether)
[2025-11-17 01:34:46][FINE] Scheduled update for region-file: (0, -1) (Map: world_nether)
[2025-11-17 01:34:53][FINE] Scheduled update for region-file: (-1, -2) (Map: world_nether)
[2025-11-17 01:34:53][FINE] Scheduled update for region-file: (0, -2) (Map: world_nether)
[2025-11-17 01:35:14][FINE] Scheduled update for region-file: (0, 0) (Map: world_nether)
[2025-11-17 01:35:20][FINE] Scheduled update for region-file: (-1, -1) (Map: world_nether)
[2025-11-17 01:35:46][FINE] Scheduled update for region-file: (-1, 0) (Map: world_nether)
[2025-11-17 01:35:46][FINE] Scheduled update for region-file: (0, -1) (Map: world_nether)
[2025-11-17 01:36:14][FINE] Scheduled update for region-file: (0, 0) (Map: world_nether)
[2025-11-17 01:36:22][FINE] Scheduled update for region-file: (1, 1) (Map: world)
[2025-11-17 01:36:38][FINE] Scheduled update for region-file: (1, -3) (Map: world)
[2025-11-17 01:36:38][FINE] Scheduled update for region-file: (0, -3) (Map: world)
[2025-11-17 01:36:39][FINE] Scheduled update for region-file: (0, -2) (Map: world)
[2025-11-17 01:36:39][FINE] Scheduled update for region-file: (1, -2) (Map: world)
[2025-11-17 01:37:05][FINE] Scheduled update for region-file: (0, 0) (Map: world)
[2025-11-17 01:37:05][FINE] Scheduled update for region-file: (0, 1) (Map: world)
[2025-11-17 01:37:05][FINE] Scheduled update for region-file: (1, 0) (Map: world)
[2025-11-17 01:37:05][FINE] Scheduled update for region-file: (2, 1) (Map: world)
[2025-11-17 01:37:05][FINE] Scheduled update for region-file: (2, 0) (Map: world)
[2025-11-17 01:37:22][FINE] Scheduled update for region-file: (1, 1) (Map: world)
[2025-11-17 01:38:05][FINE] Scheduled update for region-file: (1, 0) (Map: world)
[2025-11-17 01:38:06][FINE] Scheduled update for region-file: (1, -3) (Map: world)
[2025-11-17 01:38:30][FINE] Scheduled update for region-file: (0, -1) (Map: world)
[2025-11-17 01:38:30][FINE] Scheduled update for region-file: (1, -1) (Map: world)
[2025-11-17 01:38:30][FINE] Scheduled update for region-file: (0, -2) (Map: world)
[2025-11-17 01:38:30][FINE] Scheduled update for region-file: (1, -2) (Map: world)
[2025-11-17 01:38:48][FINE] Scheduled update for region-file: (2, -4) (Map: world)
[2025-11-17 01:39:00][FINE] Scheduled update for region-file: (2, -3) (Map: world)
[2025-11-17 01:39:15][FINE] Scheduled update for region-file: (1, -3) (Map: world)
[2025-11-17 01:39:45][FINE] Scheduled update for region-file: (2, -5) (Map: world)
[2025-11-17 01:39:46][FINE] Scheduled update for region-file: (-1, -1) (Map: world_nether)
[2025-11-17 01:39:46][FINE] Scheduled update for region-file: (-1, 0) (Map: world_nether)
[2025-11-17 01:40:00][FINE] Scheduled update for region-file: (2, -3) (Map: world)
[2025-11-17 01:40:05][FINE] Scheduled update for region-file: (2, -4) (Map: world)
[2025-11-17 01:40:05][FINE] Scheduled update for region-file: (1, -4) (Map: world)
[2025-11-17 01:40:15][FINE] Scheduled update for region-file: (1, -3) (Map: world)
[2025-11-17 01:40:49][FINE] Scheduled update for region-file: (2, -5) (Map: world)
[2025-11-17 01:41:05][FINE] Scheduled update for region-file: (2, -4) (Map: world)
[2025-11-17 01:41:05][FINE] Scheduled update for region-file: (1, -4) (Map: world)
[2025-11-17 01:41:07][FINE] Scheduled update for region-file: (1, -5) (Map: world)
[2025-11-17 01:41:56][FINE] Scheduled update for region-file: (2, -6) (Map: world)
[2025-11-17 01:42:04][FINE] Scheduled update for region-file: (2, -5) (Map: world)
[2025-11-17 01:42:13][FINE] Scheduled update for region-file: (1, -5) (Map: world)
[2025-11-17 01:42:40][FINE] Scheduled update for region-file: (1, -6) (Map: world)
[2025-11-17 01:42:44][FINE] Scheduled update for region-file: (1, -7) (Map: world)
[2025-11-17 01:42:44][FINE] Scheduled update for region-file: (2, -7) (Map: world)
[2025-11-17 01:43:04][FINE] Scheduled update for region-file: (2, -5) (Map: world)
[2025-11-17 01:43:13][FINE] Scheduled update for region-file: (1, -5) (Map: world)
[2025-11-17 01:43:44][FINE] Scheduled update for region-file: (1, -7) (Map: world)
[2025-11-17 01:43:44][FINE] Scheduled update for region-file: (2, -7) (Map: world)
[2025-11-17 01:43:54][FINE] Scheduled update for region-file: (1, -6) (Map: world)
[2025-11-17 01:43:54][FINE] Scheduled update for region-file: (2, -6) (Map: world)
[2025-11-17 01:44:10][FINE] Scheduled update for region-file: (2, -5) (Map: world)
[2025-11-17 01:44:13][FINE] Scheduled update for region-file: (1, -5) (Map: world)
[2025-11-17 01:44:54][FINE] Scheduled update for region-file: (1, -6) (Map: world)
[2025-11-17 01:44:54][FINE] Scheduled update for region-file: (2, -6) (Map: world)
[2025-11-17 01:45:03][FINE] Scheduled update for region-file: (2, -4) (Map: world)
[2025-11-17 01:45:03][FINE] Scheduled update for region-file: (1, -4) (Map: world)
[2025-11-17 01:45:10][FINE] Scheduled update for region-file: (2, -5) (Map: world)
[2025-11-17 01:45:13][FINE] Scheduled update for region-file: (1, -5) (Map: world)
[2025-11-17 01:45:49][FINE] Scheduled update for region-file: (1, -3) (Map: world)
[2025-11-17 01:45:51][FINE] Scheduled update for region-file: (2, -3) (Map: world)
[2025-11-17 01:46:03][FINE] Scheduled update for region-file: (2, -4) (Map: world)
[2025-11-17 01:46:03][FINE] Scheduled update for region-file: (1, -4) (Map: world)
[2025-11-17 01:46:11][FINE] Scheduled update for region-file: (3, -3) (Map: world)
[2025-11-17 01:46:11][FINE] Scheduled update for region-file: (3, -4) (Map: world)
[2025-11-17 01:46:59][FINE] Scheduled update for region-file: (2, -3) (Map: world)
[2025-11-17 01:47:03][FINE] Scheduled update for region-file: (2, -4) (Map: world)
[2025-11-17 01:47:11][FINE] Scheduled update for region-file: (3, -4) (Map: world)
[2025-11-17 01:47:13][FINE] Scheduled update for region-file: (3, -3) (Map: world)
[2025-11-17 01:47:59][FINE] Scheduled update for region-file: (2, -3) (Map: world)
[2025-11-17 01:48:03][FINE] Scheduled update for region-file: (2, -4) (Map: world)
[2025-11-17 01:48:11][FINE] Scheduled update for region-file: (3, -4) (Map: world)
[2025-11-17 01:48:13][FINE] Scheduled update for region-file: (3, -3) (Map: world)
[2025-11-17 01:49:17][FINE] Scheduled update for region-file: (3, -4) (Map: world)
[2025-11-17 01:49:17][FINE] Scheduled update for region-file: (2, -4) (Map: world)
[2025-11-17 01:49:51][FINE] Scheduled update for region-file: (2, -5) (Map: world)
[2025-11-17 01:49:51][FINE] Scheduled update for region-file: (3, -5) (Map: world)
[2025-11-17 01:50:06][FINE] Failed to preload chunk (79, -160) from region ('world/region' -> x:2, z:-5): java.io.IOException: Unknown chunk compression-id: 9
[2025-11-17 01:50:06][FINE] Failed to preload chunk (79, -159) from region ('world/region' -> x:2, z:-5): java.io.IOException: Unknown chunk compression-id: 146
[2025-11-17 01:50:17][FINE] Scheduled update for region-file: (3, -4) (Map: world)
[2025-11-17 01:50:17][FINE] Scheduled update for region-file: (2, -4) (Map: world)
[2025-11-17 01:50:28][FINE] Scheduled update for region-file: (3, -6) (Map: world)
[2025-11-17 01:50:28][FINE] Scheduled update for region-file: (2, -6) (Map: world)
[2025-11-17 01:50:51][FINE] Scheduled update for region-file: (2, -5) (Map: world)
[2025-11-17 01:50:51][FINE] Scheduled update for region-file: (3, -5) (Map: world)
[2025-11-17 01:51:28][FINE] Scheduled update for region-file: (3, -6) (Map: world)
[2025-11-17 01:51:28][FINE] Scheduled update for region-file: (2, -6) (Map: world)
[2025-11-17 01:51:45][FINE] Scheduled update for region-file: (4, -5) (Map: world)
[2025-11-17 01:51:58][FINE] Scheduled update for region-file: (2, -5) (Map: world)
[2025-11-17 01:51:58][FINE] Scheduled update for region-file: (3, -5) (Map: world)
[2025-11-17 01:52:27][FINE] Scheduled update for region-file: (2, -4) (Map: world)
[2025-11-17 01:52:27][FINE] Scheduled update for region-file: (3, -4) (Map: world)
[2025-11-17 01:52:27][FINE] Scheduled update for region-file: (4, -4) (Map: world)
[2025-11-17 01:52:45][FINE] Scheduled update for region-file: (4, -5) (Map: world)
[2025-11-17 01:52:51][FINE] Scheduled update for region-file: (2, -3) (Map: world)
[2025-11-17 01:52:55][FINE] Scheduled update for region-file: (3, -3) (Map: world)
[2025-11-17 01:53:27][FINE] Scheduled update for region-file: (2, -4) (Map: world)
[2025-11-17 01:53:27][FINE] Scheduled update for region-file: (3, -4) (Map: world)
[2025-11-17 01:53:35][FINE] Scheduled update for region-file: (4, -3) (Map: world)
[2025-11-17 01:53:47][FINE] Scheduled update for region-file: (4, -4) (Map: world)
[2025-11-17 01:53:55][FINE] Scheduled update for region-file: (3, -3) (Map: world)
[2025-11-17 01:54:34][FINE] Scheduled update for region-file: (3, -4) (Map: world)
[2025-11-17 01:54:47][FINE] Scheduled update for region-file: (4, -4) (Map: world)
[2025-11-17 01:55:03][FINE] Scheduled update for region-file: (4, -5) (Map: world)
[2025-11-17 01:55:03][FINE] Scheduled update for region-file: (3, -5) (Map: world)
[2025-11-17 01:55:34][FINE] Scheduled update for region-file: (3, -4) (Map: world)
[2025-11-17 01:56:03][FINE] Scheduled update for region-file: (4, -5) (Map: world)
[2025-11-17 01:56:03][FINE] Scheduled update for region-file: (3, -5) (Map: world)
[2025-11-17 01:56:15][FINE] Scheduled update for region-file: (4, -4) (Map: world)
[2025-11-17 01:56:34][FINE] Scheduled update for region-file: (3, -4) (Map: world)
[2025-11-17 01:56:37][FINE] Scheduled update for region-file: (-2, -1) (Map: world)
[2025-11-17 01:56:59][FINE] Scheduled update for region-file: (-2, -2) (Map: world)
[2025-11-17 01:56:59][FINE] Scheduled update for region-file: (-1, -2) (Map: world)
[2025-11-17 01:57:03][FINE] Scheduled update for region-file: (4, -5) (Map: world)
[2025-11-17 01:57:03][FINE] Scheduled update for region-file: (3, -5) (Map: world)
[2025-11-17 01:57:39][FINE] Scheduled update for region-file: (-2, -1) (Map: world)
[2025-11-17 01:57:39][FINE] Scheduled update for region-file: (-1, -1) (Map: world)
[2025-11-17 01:57:59][FINE] Scheduled update for region-file: (-2, -2) (Map: world)
[2025-11-17 01:57:59][FINE] Scheduled update for region-file: (-1, -2) (Map: world)
[2025-11-17 01:58:02][FINE] Scheduled update for region-file: (-4, -3) (Map: world)
[2025-11-17 01:58:02][FINE] Scheduled update for region-file: (-4, -2) (Map: world)
[2025-11-17 01:58:23][FINE] Scheduled update for region-file: (-6, -3) (Map: world)
[2025-11-17 01:58:23][FINE] Scheduled update for region-file: (-6, -2) (Map: world)
[2025-11-17 01:58:39][FINE] Scheduled update for region-file: (-5, -3) (Map: world)
[2025-11-17 01:58:39][FINE] Scheduled update for region-file: (-5, -2) (Map: world)
[2025-11-17 01:59:02][FINE] Scheduled update for region-file: (-4, -2) (Map: world)
[2025-11-17 01:59:37][FINE] Scheduled update for region-file: (-4, -3) (Map: world)
[2025-11-17 01:59:37][FINE] Scheduled update for region-file: (-3, -3) (Map: world)
[2025-11-17 01:59:39][FINE] Scheduled update for region-file: (-5, -3) (Map: world)
[2025-11-17 01:59:39][FINE] Scheduled update for region-file: (-5, -2) (Map: world)
[2025-11-17 02:00:39][FINE] Scheduled update for region-file: (-5, -3) (Map: world)
[2025-11-17 02:00:39][FINE] Scheduled update for region-file: (-5, -2) (Map: world)
[2025-11-17 02:00:46][FINE] Scheduled update for region-file: (-4, -3) (Map: world)
[2025-11-17 02:00:49][FINE] Scheduled update for region-file: (-3, -2) (Map: world)
[2025-11-17 02:00:50][FINE] Scheduled update for region-file: (-3, -3) (Map: world)
[2025-11-17 02:01:19][FINE] Scheduled update for region-file: (-4, -1) (Map: world)
[2025-11-17 02:01:19][FINE] Scheduled update for region-file: (-4, -2) (Map: world)
[2025-11-17 02:01:46][FINE] Scheduled update for region-file: (-3, -1) (Map: world)
[2025-11-17 02:01:51][FINE] Scheduled update for region-file: (-2, -2) (Map: world)
[2025-11-17 02:01:51][FINE] Scheduled update for region-file: (-2, -3) (Map: world)
[2025-11-17 02:01:53][FINE] Scheduled update for region-file: (-3, -2) (Map: world)
[2025-11-17 02:02:19][FINE] Scheduled update for region-file: (-4, -1) (Map: world)
[2025-11-17 02:02:23][FINE] Scheduled update for region-file: (-4, -2) (Map: world)
[2025-11-17 02:02:51][FINE] Scheduled update for region-file: (-2, -2) (Map: world)
[2025-11-17 02:02:51][FINE] Scheduled update for region-file: (-2, -3) (Map: world)
[2025-11-17 02:02:59][FINE] Scheduled update for region-file: (-3, -2) (Map: world)
[2025-11-17 02:03:16][FINE] Scheduled update for region-file: (-2, -4) (Map: world)
[2025-11-17 02:03:18][FINE] Scheduled update for region-file: (-4, -3) (Map: world)
[2025-11-17 02:03:23][FINE] Scheduled update for region-file: (-4, -2) (Map: world)
[2025-11-17 02:03:56][FINE] Scheduled update for region-file: (-4, -4) (Map: world)
[2025-11-17 02:04:11][FINE] Scheduled update for region-file: (-3, -4) (Map: world)
[2025-11-17 02:04:11][FINE] Scheduled update for region-file: (-3, -3) (Map: world)
[2025-11-17 02:04:11][FINE] Scheduled update for region-file: (-3, -2) (Map: world)
[2025-11-17 02:04:16][FINE] Scheduled update for region-file: (-2, -4) (Map: world)
[2025-11-17 02:04:18][FINE] Scheduled update for region-file: (-4, -3) (Map: world)
[2025-11-17 02:04:23][FINE] Scheduled update for region-file: (-4, -2) (Map: world)
[2025-11-17 02:05:11][FINE] Scheduled update for region-file: (-3, -3) (Map: world)
[2025-11-17 02:05:11][FINE] Scheduled update for region-file: (-3, -2) (Map: world)
[2025-11-17 02:05:11][FINE] Scheduled update for region-file: (-3, -4) (Map: world)
[2025-11-17 02:05:29][FINE] Scheduled update for region-file: (-2, -3) (Map: world)
[2025-11-17 02:05:29][FINE] Scheduled update for region-file: (-2, -4) (Map: world)
[2025-11-17 02:05:29][FINE] Scheduled update for region-file: (-2, -2) (Map: world)
[2025-11-17 02:06:11][FINE] Scheduled update for region-file: (-3, -3) (Map: world)
[2025-11-17 02:06:11][FINE] Scheduled update for region-file: (-3, -2) (Map: world)
[2025-11-17 02:06:11][FINE] Scheduled update for region-file: (-3, -4) (Map: world)
[2025-11-17 02:06:29][FINE] Scheduled update for region-file: (-2, -3) (Map: world)
[2025-11-17 02:06:29][FINE] Scheduled update for region-file: (-2, -4) (Map: world)
[2025-11-17 02:06:29][FINE] Scheduled update for region-file: (-2, -2) (Map: world)
[2025-11-17 02:06:39][FINE] Scheduled update for region-file: (-1, -2) (Map: world)
[2025-11-17 02:06:55][FINE] Scheduled update for region-file: (-1, -3) (Map: world)
[2025-11-17 02:07:29][FINE] Scheduled update for region-file: (-2, -2) (Map: world)
[2025-11-17 02:07:36][FINE] Scheduled update for region-file: (-2, -3) (Map: world)
[2025-11-17 02:07:55][FINE] Scheduled update for region-file: (-1, -3) (Map: world)
[2025-11-17 02:08:05][FINE] Scheduled update for region-file: (-2, -4) (Map: world)
[2025-11-17 02:08:19][FINE] Scheduled update for region-file: (-1, -4) (Map: world)
[2025-11-17 02:08:36][FINE] Scheduled update for region-file: (-2, -3) (Map: world)
[2025-11-17 02:08:55][FINE] Scheduled update for region-file: (-1, -3) (Map: world)
[2025-11-17 02:09:00][FINE] Scheduled update for region-file: (-2, -5) (Map: world)
[2025-11-17 02:09:05][FINE] Scheduled update for region-file: (-2, -4) (Map: world)
[2025-11-17 02:09:34][FINE] Scheduled update for region-file: (-1, -4) (Map: world)
[2025-11-17 02:10:08][FINE] Scheduled update for region-file: (-2, -4) (Map: world)
[2025-11-17 02:10:12][FINE] Scheduled update for region-file: (-2, -5) (Map: world)
[2025-11-17 02:10:12][FINE] Scheduled update for region-file: (-1, -5) (Map: world)
[2025-11-17 02:10:34][FINE] Scheduled update for region-file: (-1, -4) (Map: world)
[2025-11-17 02:10:48][FINE] Scheduled update for region-file: (-1, -6) (Map: world)
[2025-11-17 02:11:18][FINE] Scheduled update for region-file: (-2, -5) (Map: world)
[2025-11-17 02:11:18][FINE] Scheduled update for region-file: (-1, -5) (Map: world)
[2025-11-17 02:11:59][FINE] Scheduled update for region-file: (-1, -6) (Map: world)
[2025-11-17 02:12:18][FINE] Scheduled update for region-file: (-2, -5) (Map: world)
[2025-11-17 02:12:23][FINE] Scheduled update for region-file: (-1, -5) (Map: world)
[2025-11-17 02:12:53][FINE] Scheduled update for region-file: (-2, -6) (Map: world)
[2025-11-17 02:13:15][FINE] Scheduled update for region-file: (-1, -6) (Map: world)
[2025-11-17 02:13:23][FINE] Scheduled update for region-file: (-1, -5) (Map: world)
[2025-11-17 02:13:33][FINE] Scheduled update for region-file: (-3, -5) (Map: world)
[2025-11-17 02:13:35][FINE] Scheduled update for region-file: (-2, -5) (Map: world)
[2025-11-17 02:13:53][FINE] Scheduled update for region-file: (-2, -6) (Map: world)
[2025-11-17 02:14:08][FINE] Stopped watching map 'world' for updates.
[2025-11-17 02:14:08][FINE] Stopped watching map 'world_the_end' for updates.
[2025-11-17 02:14:08][FINE] Stopped watching map 'world_nether' for updates.
[2025-11-17 02:14:08][FINE] Started watching map 'world' for updates...
[2025-11-17 02:14:08][FINE] Started watching map 'world_the_end' for updates...
[2025-11-17 02:14:08][FINE] Started watching map 'world_nether' for updates...
[2025-11-17 02:14:37][FINE] Scheduled update for region-file: (-2, -5) (Map: world)
[2025-11-17 02:15:07][FINE] Scheduled update for region-file: (-3, -5) (Map: world)
[2025-11-17 02:15:25][FINE] Scheduled update for region-file: (-1, -4) (Map: world)
[2025-11-17 02:15:37][FINE] Scheduled update for region-file: (-2, -5) (Map: world)
[2025-11-17 02:15:45][FINE] Scheduled update for region-file: (-3, -4) (Map: world)
[2025-11-17 02:15:50][FINE] Scheduled update for region-file: (-2, -4) (Map: world)
[2025-11-17 02:16:07][FINE] Scheduled update for region-file: (-3, -5) (Map: world)
[2025-11-17 02:16:07][FINE] Scheduled update for region-file: (-1, -3) (Map: world)
[2025-11-17 02:16:25][FINE] Scheduled update for region-file: (-1, -4) (Map: world)
[2025-11-17 02:16:33][FINE] Scheduled update for region-file: (-2, -2) (Map: world)
[2025-11-17 02:16:33][FINE] Scheduled update for region-file: (-3, -3) (Map: world)
[2025-11-17 02:16:33][FINE] Scheduled update for region-file: (-3, -2) (Map: world)
[2025-11-17 02:16:33][FINE] Scheduled update for region-file: (-2, -3) (Map: world)
[2025-11-17 02:16:45][FINE] Scheduled update for region-file: (-3, -4) (Map: world)
[2025-11-17 02:16:50][FINE] Scheduled update for region-file: (-2, -4) (Map: world)
[2025-11-17 02:17:07][FINE] Scheduled update for region-file: (-1, -3) (Map: world)
[2025-11-17 02:19:24][FINE] Scheduled update for region-file: (-1, -1) (Map: world)
[2025-11-17 02:21:21][FINE] Scheduled update for region-file: (0, -1) (Map: world)
[2025-11-17 02:21:21][FINE] Scheduled update for region-file: (0, 0) (Map: world)
[2025-11-17 02:21:22][FINE] Scheduled update for region-file: (-1, -1) (Map: world)
[2025-11-17 02:21:23][FINE] Scheduled update for region-file: (-1, 0) (Map: world)
[2025-11-17 02:22:08][FINE] Scheduled update for region-file: (-1, -1) (Map: world_nether)
[2025-11-17 02:22:08][FINE] Scheduled update for region-file: (0, 0) (Map: world_nether)
[2025-11-17 02:22:09][FINE] Scheduled update for region-file: (0, -1) (Map: world_nether)
[2025-11-17 02:24:24][FINE] Scheduled update for region-file: (-1, -1) (Map: world)
[2025-11-17 02:26:18][FINE] Scheduled update for region-file: (0, -1) (Map: world)
[2025-11-17 02:26:18][FINE] Scheduled update for region-file: (0, 0) (Map: world)
[2025-11-17 02:26:20][FINE] Scheduled update for region-file: (-1, -1) (Map: world)
[2025-11-17 02:26:21][FINE] Scheduled update for region-file: (-1, 0) (Map: world)
[2025-11-17 02:26:51][FINE] Scheduled update for region-file: (-1, -1) (Map: world_nether)
[2025-11-17 02:26:52][FINE] Scheduled update for region-file: (0, 0) (Map: world_nether)
[2025-11-17 02:27:04][FINE] Scheduled update for region-file: (0, -3) (Map: world)
[2025-11-17 02:27:04][FINE] Scheduled update for region-file: (1, -3) (Map: world)
[2025-11-17 02:27:04][FINE] Scheduled update for region-file: (0, -2) (Map: world)
[2025-11-17 02:27:04][FINE] Scheduled update for region-file: (1, -2) (Map: world)
[2025-11-17 02:31:58][FINE] Scheduled update for region-file: (1, -3) (Map: world)
[2025-11-17 02:32:02][FINE] Scheduled update for region-file: (0, -2) (Map: world)
[2025-11-17 02:32:03][FINE] Scheduled update for region-file: (1, -2) (Map: world)
[2025-11-17 02:37:01][FINE] Scheduled update for region-file: (1, -3) (Map: world)
[2025-11-17 02:37:02][FINE] Scheduled update for region-file: (0, -2) (Map: world)
[2025-11-17 02:37:03][FINE] Scheduled update for region-file: (1, -2) (Map: world)
[2025-11-17 02:39:19][FINE] Scheduled update for region-file: (1, -3) (Map: world)
[2025-11-17 02:39:19][FINE] Scheduled update for region-file: (0, -3) (Map: world)
[2025-11-17 02:39:20][FINE] Scheduled update for region-file: (1, -2) (Map: world)
[2025-11-17 02:39:48][FINE] Scheduled update for region-file: (-1, -2) (Map: world)
[2025-11-17 02:39:48][FINE] Scheduled update for region-file: (-1, -3) (Map: world)
[2025-11-17 02:40:06][FINE] Scheduled update for region-file: (-2, -2) (Map: world)
[2025-11-17 02:40:06][FINE] Scheduled update for region-file: (-2, -3) (Map: world)
[2025-11-17 02:40:25][FINE] Scheduled update for region-file: (-3, -2) (Map: world)
[2025-11-17 02:40:26][FINE] Scheduled update for region-file: (-3, -3) (Map: world)
[2025-11-17 02:41:06][FINE] Scheduled update for region-file: (-2, -2) (Map: world)
[2025-11-17 02:41:06][FINE] Scheduled update for region-file: (-2, -3) (Map: world)
[2025-11-17 02:41:09][FINE] Scheduled update for region-file: (-4, -2) (Map: world)
[2025-11-17 02:41:11][FINE] Scheduled update for region-file: (-4, -3) (Map: world)
[2025-11-17 02:41:25][FINE] Scheduled update for region-file: (-3, -2) (Map: world)
[2025-11-17 02:41:58][FINE] Scheduled update for region-file: (-3, -3) (Map: world)
[2025-11-17 02:42:06][FINE] Scheduled update for region-file: (-2, -3) (Map: world)
[2025-11-17 02:42:13][FINE] Scheduled update for region-file: (-2, -4) (Map: world)
[2025-11-17 02:42:13][FINE] Scheduled update for region-file: (-3, -4) (Map: world)
[2025-11-17 02:43:14][FINE] Scheduled update for region-file: (-2, -4) (Map: world)
[2025-11-17 02:43:14][FINE] Scheduled update for region-file: (-3, -4) (Map: world)
[2025-11-17 02:43:44][FINE] Scheduled update for region-file: (-3, -5) (Map: world)
[2025-11-17 02:43:56][FINE] Scheduled update for region-file: (-2, -6) (Map: world)
[2025-11-17 02:43:56][FINE] Scheduled update for region-file: (-3, -6) (Map: world)
[2025-11-17 02:44:14][FINE] Scheduled update for region-file: (-3, -4) (Map: world)
[2025-11-17 02:44:34][FINE] Scheduled update for region-file: (-2, -5) (Map: world)
[2025-11-17 02:44:44][FINE] Scheduled update for region-file: (-3, -5) (Map: world)
[2025-11-17 02:44:58][FINE] Scheduled update for region-file: (-2, -4) (Map: world)
[2025-11-17 02:45:10][FINE] Scheduled update for region-file: (-2, -3) (Map: world)
[2025-11-17 02:45:10][FINE] Scheduled update for region-file: (-1, -3) (Map: world)
[2025-11-17 02:45:10][FINE] Scheduled update for region-file: (-2, -2) (Map: world)
[2025-11-17 02:45:10][FINE] Scheduled update for region-file: (-1, -2) (Map: world)
[2025-11-17 02:45:14][FINE] Scheduled update for region-file: (-3, -4) (Map: world)
[2025-11-17 02:45:25][FINE] Scheduled update for region-file: (-1, -5) (Map: world)
[2025-11-17 02:45:34][FINE] Scheduled update for region-file: (-2, -5) (Map: world)
[2025-11-17 02:45:38][FINE] Scheduled update for region-file: (-1, -4) (Map: world)
[2025-11-17 02:45:44][FINE] Scheduled update for region-file: (-3, -5) (Map: world)
[2025-11-17 02:46:13][FINE] Scheduled update for region-file: (-2, -4) (Map: world)
[2025-11-17 02:46:25][FINE] Scheduled update for region-file: (-1, -5) (Map: world)
[2025-11-17 02:46:34][FINE] Scheduled update for region-file: (-2, -5) (Map: world)
[2025-11-17 02:46:38][FINE] Scheduled update for region-file: (-1, -4) (Map: world)
[2025-11-17 02:46:47][FINE] Scheduled update for region-file: (-2, -3) (Map: world)
[2025-11-17 02:47:13][FINE] Scheduled update for region-file: (-2, -4) (Map: world)
[2025-11-17 02:47:38][FINE] Scheduled update for region-file: (-1, -3) (Map: world)
[2025-11-17 02:47:38][FINE] Scheduled update for region-file: (0, -3) (Map: world)
[2025-11-17 02:47:47][FINE] Scheduled update for region-file: (-2, -3) (Map: world)
[2025-11-17 02:48:13][FINE] Scheduled update for region-file: (-2, -4) (Map: world)
[2025-11-17 02:48:25][FINE] Scheduled update for region-file: (-1, -4) (Map: world)
[2025-11-17 02:48:25][FINE] Scheduled update for region-file: (0, -4) (Map: world)
[2025-11-17 02:49:12][FINE] Scheduled update for region-file: (-1, -5) (Map: world)
[2025-11-17 02:49:12][FINE] Scheduled update for region-file: (0, -5) (Map: world)
[2025-11-17 02:49:19][FINE] Scheduled update for region-file: (-1, -6) (Map: world)
[2025-11-17 02:49:19][FINE] Scheduled update for region-file: (0, -6) (Map: world)
[2025-11-17 02:50:08][FINE] Scheduled update for region-file: (-1, -7) (Map: world)
[2025-11-17 02:50:10][FINE] Scheduled update for region-file: (0, -7) (Map: world)
[2025-11-17 02:50:19][FINE] Scheduled update for region-file: (-1, -6) (Map: world)
[2025-11-17 02:50:19][FINE] Scheduled update for region-file: (0, -6) (Map: world)
[2025-11-17 02:55:00][FINE] Scheduled update for region-file: (0, -3) (Map: world)
[2025-11-17 02:55:00][FINE] Scheduled update for region-file: (0, -2) (Map: world)
[2025-11-17 02:55:00][FINE] Scheduled update for region-file: (1, -3) (Map: world)
[2025-11-17 02:55:00][FINE] Scheduled update for region-file: (1, -2) (Map: world)
[2025-11-17 02:59:56][FINE] Scheduled update for region-file: (0, -2) (Map: world)
[2025-11-17 02:59:57][FINE] Scheduled update for region-file: (1, -2) (Map: world)
[2025-11-17 02:59:58][FINE] Scheduled update for region-file: (1, -3) (Map: world)
[2025-11-17 03:04:54][FINE] Scheduled update for region-file: (1, -2) (Map: world)
[2025-11-17 03:04:56][FINE] Scheduled update for region-file: (0, -2) (Map: world)
[2025-11-17 03:04:58][FINE] Scheduled update for region-file: (1, -3) (Map: world)
[2025-11-17 03:09:55][FINE] Scheduled update for region-file: (1, -3) (Map: world)
[2025-11-17 03:09:57][FINE] Scheduled update for region-file: (0, -2) (Map: world)
[2025-11-17 03:09:57][FINE] Scheduled update for region-file: (1, -2) (Map: world)
[2025-11-17 03:14:08][FINE] Stopped watching map 'world' for updates.
[2025-11-17 03:14:08][FINE] Stopped watching map 'world_the_end' for updates.
[2025-11-17 03:14:08][FINE] Stopped watching map 'world_nether' for updates.
[2025-11-17 03:14:08][FINE] Started watching map 'world' for updates...
[2025-11-17 03:14:08][FINE] Started watching map 'world_the_end' for updates...
[2025-11-17 03:14:08][FINE] Started watching map 'world_nether' for updates...
[2025-11-17 03:14:56][FINE] Scheduled update for region-file: (0, -2) (Map: world)
[2025-11-17 03:14:57][FINE] Scheduled update for region-file: (1, -3) (Map: world)
[2025-11-17 03:14:57][FINE] Scheduled update for region-file: (1, -2) (Map: world)
[2025-11-17 03:19:55][FINE] Scheduled update for region-file: (1, -3) (Map: world)
[2025-11-17 03:19:56][FINE] Scheduled update for region-file: (0, -2) (Map: world)
[2025-11-17 03:19:57][FINE] Scheduled update for region-file: (1, -2) (Map: world)
[2025-11-17 03:21:32][INFO] Stopping...
[2025-11-17 03:21:32][FINE] Stopped watching map 'world' for updates.
[2025-11-17 03:21:32][FINE] Stopped watching map 'world_the_end' for updates.
[2025-11-17 03:21:32][FINE] Stopped watching map 'world_nether' for updates.
